<?xml version="1.0" encoding="UTF-8" ?>
<testsuite errors="0" failures="0" hostname="madang02-pc" name="kr.pe.sinnori.common.buildsystem.BuildSystemSupporterTest" skipped="0" tests="1" time="1.455" timestamp="2018-04-03T10:22:53">
  <properties>
[...]
</properties>
  <testcase classname="kr.pe.sinnori.common.buildsystem.BuildSystemSupporterTest" name="testCreateNewMainProjectBuildSystem" time="1.413" />
  <system-out><![CDATA[19:22:53.226 [main] INFO  k.p.s.c.b.BuildSystemSupporter - new main project drop task stat
19:22:53.484 [main] INFO  k.p.s.c.b.BuildSystemSupporter - new main project drop task end
19:22:53.484 [main] INFO  k.p.s.c.b.BuildSystemSupporter - new main project creation task stat
19:22:53.484 [main] INFO  k.p.s.c.buildsystem.ProjectBuilder - main project[sample_test]'s child direcotry creation task start
19:22:53.487 [main] INFO  k.p.s.c.buildsystem.ProjectBuilder - main project[sample_test]'s common child direcotry creation task start
19:22:53.488 [main] INFO  k.p.s.common.util.CommonStaticUtil - the new child relative direcotry[D:\gitsinnori\sinnori\project\sample_test][config] was created successfully
19:22:53.489 [main] INFO  k.p.s.common.util.CommonStaticUtil - the new child relative direcotry[D:\gitsinnori\sinnori\project\sample_test][resources/dbcp] was created successfully
19:22:53.489 [main] INFO  k.p.s.common.util.CommonStaticUtil - the new child relative direcotry[D:\gitsinnori\sinnori\project\sample_test][resources/message_info] was created successfully
19:22:53.490 [main] INFO  k.p.s.common.util.CommonStaticUtil - the new child relative direcotry[D:\gitsinnori\sinnori\project\sample_test][resources/rsa_keypair] was created successfully
19:22:53.490 [main] INFO  k.p.s.common.util.CommonStaticUtil - the new child relative direcotry[D:\gitsinnori\sinnori\project\sample_test][log/apache] was created successfully
19:22:53.491 [main] INFO  k.p.s.common.util.CommonStaticUtil - the new child relative direcotry[D:\gitsinnori\sinnori\project\sample_test][log/client] was created successfully
19:22:53.491 [main] INFO  k.p.s.common.util.CommonStaticUtil - the new child relative direcotry[D:\gitsinnori\sinnori\project\sample_test][log/server] was created successfully
19:22:53.491 [main] INFO  k.p.s.common.util.CommonStaticUtil - the new child relative direcotry[D:\gitsinnori\sinnori\project\sample_test][log/servlet] was created successfully
19:22:53.491 [main] INFO  k.p.s.c.buildsystem.ProjectBuilder - main project[sample_test]'s common child direcotry creation task end
19:22:53.491 [main] INFO  k.p.s.c.buildsystem.ProjectBuilder - main project[sample_test]'s application build child direcotry creation task start
19:22:53.492 [main] INFO  k.p.s.common.util.CommonStaticUtil - the new child relative direcotry[D:\gitsinnori\sinnori\project\sample_test][client_build/app_build/corelib/ex] was created successfully
19:22:53.493 [main] INFO  k.p.s.common.util.CommonStaticUtil - the new child relative direcotry[D:\gitsinnori\sinnori\project\sample_test][client_build/app_build/corelib/in] was created successfully
19:22:53.494 [main] INFO  k.p.s.common.util.CommonStaticUtil - the new child relative direcotry[D:\gitsinnori\sinnori\project\sample_test][client_build/app_build/lib/main/ex] was created successfully
19:22:53.494 [main] INFO  k.p.s.common.util.CommonStaticUtil - the new child relative direcotry[D:\gitsinnori\sinnori\project\sample_test][client_build/app_build/lib/main/in] was created successfully
19:22:53.494 [main] INFO  k.p.s.common.util.CommonStaticUtil - the new child relative direcotry[D:\gitsinnori\sinnori\project\sample_test][client_build/app_build/lib/test] was created successfully
19:22:53.513 [main] INFO  k.p.s.common.util.CommonStaticUtil - the new child relative direcotry[D:\gitsinnori\sinnori\project\sample_test][client_build/app_build/src/main/java/kr/pe/sinnori/impl/message] was created successfully
19:22:53.513 [main] INFO  k.p.s.common.util.CommonStaticUtil - the new child relative direcotry[D:\gitsinnori\sinnori\project\sample_test][client_build/app_build/src/main/java/main] was created successfully
19:22:53.514 [main] INFO  k.p.s.common.util.CommonStaticUtil - the new child relative direcotry[D:\gitsinnori\sinnori\project\sample_test][client_build/app_build/src/test/java] was created successfully
19:22:53.514 [main] INFO  k.p.s.common.util.CommonStaticUtil - the new child relative direcotry[D:\gitsinnori\sinnori\project\sample_test][client_build/app_build/build] was created successfully
19:22:53.514 [main] INFO  k.p.s.common.util.CommonStaticUtil - the new child relative direcotry[D:\gitsinnori\sinnori\project\sample_test][client_build/app_build/dist] was created successfully
19:22:53.578 [main] INFO  k.p.s.c.buildsystem.ProjectBuilder - main project[sample_test]'s application build child direcotry creation task end
19:22:53.578 [main] INFO  k.p.s.c.buildsystem.ProjectBuilder - main project[sample_test]'s web build child direcotry creation task start
19:22:53.580 [main] INFO  k.p.s.common.util.CommonStaticUtil - the new child relative direcotry[D:\gitsinnori\sinnori\project\sample_test][client_build/web_build/corelib/ex] was created successfully
19:22:53.580 [main] INFO  k.p.s.common.util.CommonStaticUtil - the new child relative direcotry[D:\gitsinnori\sinnori\project\sample_test][client_build/web_build/corelib/in] was created successfully
19:22:53.582 [main] INFO  k.p.s.common.util.CommonStaticUtil - the new child relative direcotry[D:\gitsinnori\sinnori\project\sample_test][client_build/web_build/lib/main/ex] was created successfully
19:22:53.582 [main] INFO  k.p.s.common.util.CommonStaticUtil - the new child relative direcotry[D:\gitsinnori\sinnori\project\sample_test][client_build/web_build/lib/main/in] was created successfully
19:22:53.583 [main] INFO  k.p.s.common.util.CommonStaticUtil - the new child relative direcotry[D:\gitsinnori\sinnori\project\sample_test][client_build/web_build/lib/test] was created successfully
19:22:53.587 [main] INFO  k.p.s.common.util.CommonStaticUtil - the new child relative direcotry[D:\gitsinnori\sinnori\project\sample_test][client_build/web_build/src/main/java/kr/pe/sinnori/impl/message] was created successfully
19:22:53.587 [main] INFO  k.p.s.common.util.CommonStaticUtil - the new child relative direcotry[D:\gitsinnori\sinnori\project\sample_test][client_build/web_build/src/main/java//kr/pe/sinnori/servlet] was created successfully
19:22:53.588 [main] INFO  k.p.s.common.util.CommonStaticUtil - the new child relative direcotry[D:\gitsinnori\sinnori\project\sample_test][client_build/web_build/src/main/java/kr/pe/sinnori/weblib/common] was created successfully
19:22:53.589 [main] INFO  k.p.s.common.util.CommonStaticUtil - the new child relative direcotry[D:\gitsinnori\sinnori\project\sample_test][client_build/web_build/src/main/java/kr/pe/sinnori/weblib/htmlstring] was created successfully
19:22:53.589 [main] INFO  k.p.s.common.util.CommonStaticUtil - the new child relative direcotry[D:\gitsinnori\sinnori\project\sample_test][client_build/web_build/src/main/java/kr/pe/sinnori/weblib/jdf] was created successfully
19:22:53.590 [main] INFO  k.p.s.common.util.CommonStaticUtil - the new child relative direcotry[D:\gitsinnori\sinnori\project\sample_test][client_build/web_build/src/test/java] was created successfully
19:22:53.590 [main] INFO  k.p.s.common.util.CommonStaticUtil - the new child relative direcotry[D:\gitsinnori\sinnori\project\sample_test][client_build/web_build/build] was created successfully
19:22:53.591 [main] INFO  k.p.s.common.util.CommonStaticUtil - the new child relative direcotry[D:\gitsinnori\sinnori\project\sample_test][client_build/web_build/dist] was created successfully
19:22:53.591 [main] INFO  k.p.s.c.buildsystem.ProjectBuilder - main project[sample_test]'s web build child direcotry creation task end
19:22:53.591 [main] INFO  k.p.s.c.buildsystem.ProjectBuilder - main project[sample_test]'s web root child direcotry creation task start
19:22:53.591 [main] INFO  k.p.s.common.util.CommonStaticUtil - the new child relative direcotry[D:\gitsinnori\sinnori\project\sample_test][web_app_base/upload] was created successfully
19:22:53.592 [main] INFO  k.p.s.common.util.CommonStaticUtil - the new child relative direcotry[D:\gitsinnori\sinnori\project\sample_test][web_app_base/ROOT/WEB-INF/classes] was created successfully
19:22:53.593 [main] INFO  k.p.s.common.util.CommonStaticUtil - the new child relative direcotry[D:\gitsinnori\sinnori\project\sample_test][web_app_base/ROOT/WEB-INF/lib] was created successfully
19:22:53.593 [main] INFO  k.p.s.c.buildsystem.ProjectBuilder - main project[sample_test]'s web root child direcotry creation task end
19:22:53.593 [main] INFO  k.p.s.c.buildsystem.ProjectBuilder - main project[sample_test]'s child direcotry creation task end
19:22:53.611 [main] INFO  k.p.s.c.buildsystem.ProjectBuilder - main project[sample_test]'s file creation task start
19:22:53.611 [main] INFO  k.p.s.c.buildsystem.ProjectBuilder - main project[sample_test]'s config file creation task start
19:22:53.639 [main] INFO  k.p.s.c.util.SequencedPropertiesUtil - the sequenced properties file[D:\gitsinnori\sinnori\project\sample_test\config\sinnori.properties] was created
19:22:53.657 [main] INFO  k.p.s.c.buildsystem.ProjectBuilder - main project[sample_test]'s config file creation task end
19:22:53.657 [main] INFO  k.p.s.c.buildsystem.ProjectBuilder - the mainproject[sample_test]'s resources directory copy task start
19:22:53.739 [main] INFO  k.p.s.c.buildsystem.ProjectBuilder - the mainproject[sample_test]'s resources directory copy task end
19:22:53.741 [main] INFO  k.p.s.c.buildsystem.ProjectBuilder - mainproject[sample_test]'s application client build system files creation task start
19:22:53.741 [main] INFO  k.p.s.c.buildsystem.ProjectBuilder - main project[sample_test]'s application client ant build.xml file creation task start
19:22:53.747 [main] INFO  k.p.s.c.buildsystem.ProjectBuilder - main project[sample_test]'s application client ant build.xml file creation task end
19:22:53.747 [main] INFO  k.p.s.c.buildsystem.ProjectBuilder - main project[sample_test]'s application client dos shell file creation task start
19:22:53.752 [main] INFO  k.p.s.c.buildsystem.ProjectBuilder - main project[sample_test]'s application client dos shell file creation task end
19:22:53.752 [main] INFO  k.p.s.c.buildsystem.ProjectBuilder - main project[sample_test]'s application client unix shell file creation task start
19:22:53.756 [main] INFO  k.p.s.c.buildsystem.ProjectBuilder - main project[sample_test]'s application client unix shell file creation task end
19:22:53.756 [main] INFO  k.p.s.c.buildsystem.ProjectBuilder - application client sample source files copy task start
19:22:53.785 [main] INFO  k.p.s.c.buildsystem.ProjectBuilder - application client sample source files copy task end
19:22:53.785 [main] INFO  k.p.s.c.buildsystem.ProjectBuilder - main project[sample_test]'s application client message io file set creation task start
19:22:53.785 [main] INFO  k.p.s.common.util.CommonStaticUtil - the new child relative direcotry[D:\gitsinnori\sinnori\project\sample_test\client_build\app_build\src\main\java\kr\pe\sinnori\impl\message][Echo] was created successfully
19:22:53.786 [main] INFO  k.p.s.c.buildsystem.ProjectBuilder - main project[sample_test]'s message file[Echo][D:\gitsinnori\sinnori\project\sample_test\client_build\app_build\src\main\java\kr\pe\sinnori\impl\message] creation task start
19:22:53.889 [main] INFO  k.p.s.c.m.b.i.SingleItemTypeManger - the sinnori message information .xsl temporary file[C:\Users\user\AppData\Local\Temp\SinnoriMsgXSL1910251476636489450.tmp] was created successfully
19:22:53.995 [main] INFO  k.p.s.c.buildsystem.ProjectBuilder - main project[sample_test]'s message file[Echo][D:\gitsinnori\sinnori\project\sample_test\client_build\app_build\src\main\java\kr\pe\sinnori\impl\message] creation task end
19:22:53.995 [main] INFO  k.p.s.c.buildsystem.ProjectBuilder - main project[sample_test]'s message decoder file[Echo][D:\gitsinnori\sinnori\project\sample_test\client_build\app_build\src\main\java\kr\pe\sinnori\impl\message] creation task start
19:22:54.018 [main] INFO  k.p.s.c.buildsystem.ProjectBuilder - main project[sample_test]'s message decoder file[Echo][D:\gitsinnori\sinnori\project\sample_test\client_build\app_build\src\main\java\kr\pe\sinnori\impl\message] creation task end
19:22:54.018 [main] INFO  k.p.s.c.buildsystem.ProjectBuilder - main project[sample_test]'s message encoder file[Echo][D:\gitsinnori\sinnori\project\sample_test\client_build\app_build\src\main\java\kr\pe\sinnori\impl\message] creation task start
19:22:54.028 [main] INFO  k.p.s.c.buildsystem.ProjectBuilder - main project[sample_test]'s message encoder file[Echo][D:\gitsinnori\sinnori\project\sample_test\client_build\app_build\src\main\java\kr\pe\sinnori\impl\message] creation task end
19:22:54.029 [main] INFO  k.p.s.c.buildsystem.ProjectBuilder - main project[sample_test]'s message server codec file[Echo][D:\gitsinnori\sinnori\project\sample_test\client_build\app_build\src\main\java\kr\pe\sinnori\impl\message] creation task start
19:22:54.036 [main] INFO  k.p.s.c.buildsystem.ProjectBuilder - main project[sample_test]'s message server codec file[Echo][D:\gitsinnori\sinnori\project\sample_test\client_build\app_build\src\main\java\kr\pe\sinnori\impl\message] creation task end
19:22:54.036 [main] INFO  k.p.s.c.buildsystem.ProjectBuilder - main project[sample_test]'s message client codec file[Echo][D:\gitsinnori\sinnori\project\sample_test\client_build\app_build\src\main\java\kr\pe\sinnori\impl\message] creation task start
19:22:54.038 [main] INFO  k.p.s.c.buildsystem.ProjectBuilder - main project[sample_test]'s message client codec file[Echo][D:\gitsinnori\sinnori\project\sample_test\client_build\app_build\src\main\java\kr\pe\sinnori\impl\message] creation task end
19:22:54.039 [main] INFO  k.p.s.common.util.CommonStaticUtil - the new child relative direcotry[D:\gitsinnori\sinnori\project\sample_test\client_build\app_build\src\main\java\kr\pe\sinnori\impl\message][PublicKeyReq] was created successfully
19:22:54.039 [main] INFO  k.p.s.c.buildsystem.ProjectBuilder - main project[sample_test]'s message file[PublicKeyReq][D:\gitsinnori\sinnori\project\sample_test\client_build\app_build\src\main\java\kr\pe\sinnori\impl\message] creation task start
19:22:54.057 [main] INFO  k.p.s.c.buildsystem.ProjectBuilder - main project[sample_test]'s message file[PublicKeyReq][D:\gitsinnori\sinnori\project\sample_test\client_build\app_build\src\main\java\kr\pe\sinnori\impl\message] creation task end
19:22:54.058 [main] INFO  k.p.s.c.buildsystem.ProjectBuilder - main project[sample_test]'s message decoder file[PublicKeyReq][D:\gitsinnori\sinnori\project\sample_test\client_build\app_build\src\main\java\kr\pe\sinnori\impl\message] creation task start
19:22:54.073 [main] INFO  k.p.s.c.buildsystem.ProjectBuilder - main project[sample_test]'s message decoder file[PublicKeyReq][D:\gitsinnori\sinnori\project\sample_test\client_build\app_build\src\main\java\kr\pe\sinnori\impl\message] creation task end
19:22:54.073 [main] INFO  k.p.s.c.buildsystem.ProjectBuilder - main project[sample_test]'s message encoder file[PublicKeyReq][D:\gitsinnori\sinnori\project\sample_test\client_build\app_build\src\main\java\kr\pe\sinnori\impl\message] creation task start
19:22:54.095 [main] INFO  k.p.s.c.buildsystem.ProjectBuilder - main project[sample_test]'s message encoder file[PublicKeyReq][D:\gitsinnori\sinnori\project\sample_test\client_build\app_build\src\main\java\kr\pe\sinnori\impl\message] creation task end
19:22:54.096 [main] INFO  k.p.s.c.buildsystem.ProjectBuilder - main project[sample_test]'s message server codec file[PublicKeyReq][D:\gitsinnori\sinnori\project\sample_test\client_build\app_build\src\main\java\kr\pe\sinnori\impl\message] creation task start
19:22:54.109 [main] INFO  k.p.s.c.buildsystem.ProjectBuilder - main project[sample_test]'s message server codec file[PublicKeyReq][D:\gitsinnori\sinnori\project\sample_test\client_build\app_build\src\main\java\kr\pe\sinnori\impl\message] creation task end
19:22:54.109 [main] INFO  k.p.s.c.buildsystem.ProjectBuilder - main project[sample_test]'s message client codec file[PublicKeyReq][D:\gitsinnori\sinnori\project\sample_test\client_build\app_build\src\main\java\kr\pe\sinnori\impl\message] creation task start
19:22:54.123 [main] INFO  k.p.s.c.buildsystem.ProjectBuilder - main project[sample_test]'s message client codec file[PublicKeyReq][D:\gitsinnori\sinnori\project\sample_test\client_build\app_build\src\main\java\kr\pe\sinnori\impl\message] creation task end
19:22:54.124 [main] INFO  k.p.s.common.util.CommonStaticUtil - the new child relative direcotry[D:\gitsinnori\sinnori\project\sample_test\client_build\app_build\src\main\java\kr\pe\sinnori\impl\message][PublicKeyRes] was created successfully
19:22:54.124 [main] INFO  k.p.s.c.buildsystem.ProjectBuilder - main project[sample_test]'s message file[PublicKeyRes][D:\gitsinnori\sinnori\project\sample_test\client_build\app_build\src\main\java\kr\pe\sinnori\impl\message] creation task start
19:22:54.137 [main] INFO  k.p.s.c.buildsystem.ProjectBuilder - main project[sample_test]'s message file[PublicKeyRes][D:\gitsinnori\sinnori\project\sample_test\client_build\app_build\src\main\java\kr\pe\sinnori\impl\message] creation task end
19:22:54.138 [main] INFO  k.p.s.c.buildsystem.ProjectBuilder - main project[sample_test]'s message decoder file[PublicKeyRes][D:\gitsinnori\sinnori\project\sample_test\client_build\app_build\src\main\java\kr\pe\sinnori\impl\message] creation task start
19:22:54.152 [main] INFO  k.p.s.c.buildsystem.ProjectBuilder - main project[sample_test]'s message decoder file[PublicKeyRes][D:\gitsinnori\sinnori\project\sample_test\client_build\app_build\src\main\java\kr\pe\sinnori\impl\message] creation task end
19:22:54.152 [main] INFO  k.p.s.c.buildsystem.ProjectBuilder - main project[sample_test]'s message encoder file[PublicKeyRes][D:\gitsinnori\sinnori\project\sample_test\client_build\app_build\src\main\java\kr\pe\sinnori\impl\message] creation task start
19:22:54.161 [main] INFO  k.p.s.c.buildsystem.ProjectBuilder - main project[sample_test]'s message encoder file[PublicKeyRes][D:\gitsinnori\sinnori\project\sample_test\client_build\app_build\src\main\java\kr\pe\sinnori\impl\message] creation task end
19:22:54.161 [main] INFO  k.p.s.c.buildsystem.ProjectBuilder - main project[sample_test]'s message server codec file[PublicKeyRes][D:\gitsinnori\sinnori\project\sample_test\client_build\app_build\src\main\java\kr\pe\sinnori\impl\message] creation task start
19:22:54.168 [main] INFO  k.p.s.c.buildsystem.ProjectBuilder - main project[sample_test]'s message server codec file[PublicKeyRes][D:\gitsinnori\sinnori\project\sample_test\client_build\app_build\src\main\java\kr\pe\sinnori\impl\message] creation task end
19:22:54.168 [main] INFO  k.p.s.c.buildsystem.ProjectBuilder - main project[sample_test]'s message client codec file[PublicKeyRes][D:\gitsinnori\sinnori\project\sample_test\client_build\app_build\src\main\java\kr\pe\sinnori\impl\message] creation task start
19:22:54.176 [main] INFO  k.p.s.c.buildsystem.ProjectBuilder - main project[sample_test]'s message client codec file[PublicKeyRes][D:\gitsinnori\sinnori\project\sample_test\client_build\app_build\src\main\java\kr\pe\sinnori\impl\message] creation task end
19:22:54.176 [main] INFO  k.p.s.c.buildsystem.ProjectBuilder - main project[sample_test]'s application client message io file set creation task end
19:22:54.176 [main] INFO  k.p.s.c.buildsystem.ProjectBuilder - mainproject[sample_test]'s application client build system files creation task end
19:22:54.176 [main] INFO  k.p.s.c.buildsystem.ProjectBuilder - main project[sample_test]'s web client build system files creation task start
19:22:54.176 [main] INFO  k.p.s.c.buildsystem.ProjectBuilder - main project[sample_test]'s web client ant build.xml file creation task start
19:22:54.180 [main] INFO  k.p.s.c.buildsystem.ProjectBuilder - main project[sample_test]'s web client ant build.xml file creation task end
19:22:54.180 [main] INFO  k.p.s.c.buildsystem.ProjectBuilder - main project[sample_test]'s web client ant properties file creation task start
19:22:54.181 [main] INFO  k.p.s.c.util.SequencedPropertiesUtil - the sequenced properties file[D:\gitsinnori\sinnori\project\sample_test\client_build\web_build\webAnt.properties] was created
19:22:54.185 [main] INFO  k.p.s.c.buildsystem.ProjectBuilder - main project[sample_test]'s web client ant properties file creation task end
19:22:54.186 [main] INFO  k.p.s.c.buildsystem.ProjectBuilder - main project[sample_test]'s web client message io file set creation task start
19:22:54.186 [main] INFO  k.p.s.common.util.CommonStaticUtil - the new child relative direcotry[D:\gitsinnori\sinnori\project\sample_test\client_build\web_build\src\main\java\kr\pe\sinnori\impl\message][Echo] was created successfully
19:22:54.186 [main] INFO  k.p.s.c.buildsystem.ProjectBuilder - main project[sample_test]'s message file[Echo][D:\gitsinnori\sinnori\project\sample_test\client_build\web_build\src\main\java\kr\pe\sinnori\impl\message] creation task start
19:22:54.193 [main] INFO  k.p.s.c.buildsystem.ProjectBuilder - main project[sample_test]'s message file[Echo][D:\gitsinnori\sinnori\project\sample_test\client_build\web_build\src\main\java\kr\pe\sinnori\impl\message] creation task end
19:22:54.228 [main] INFO  k.p.s.c.buildsystem.ProjectBuilder - main project[sample_test]'s message decoder file[Echo][D:\gitsinnori\sinnori\project\sample_test\client_build\web_build\src\main\java\kr\pe\sinnori\impl\message] creation task start
19:22:54.235 [main] INFO  k.p.s.c.buildsystem.ProjectBuilder - main project[sample_test]'s message decoder file[Echo][D:\gitsinnori\sinnori\project\sample_test\client_build\web_build\src\main\java\kr\pe\sinnori\impl\message] creation task end
19:22:54.235 [main] INFO  k.p.s.c.buildsystem.ProjectBuilder - main project[sample_test]'s message encoder file[Echo][D:\gitsinnori\sinnori\project\sample_test\client_build\web_build\src\main\java\kr\pe\sinnori\impl\message] creation task start
19:22:54.243 [main] INFO  k.p.s.c.buildsystem.ProjectBuilder - main project[sample_test]'s message encoder file[Echo][D:\gitsinnori\sinnori\project\sample_test\client_build\web_build\src\main\java\kr\pe\sinnori\impl\message] creation task end
19:22:54.243 [main] INFO  k.p.s.c.buildsystem.ProjectBuilder - main project[sample_test]'s message server codec file[Echo][D:\gitsinnori\sinnori\project\sample_test\client_build\web_build\src\main\java\kr\pe\sinnori\impl\message] creation task start
19:22:54.246 [main] INFO  k.p.s.c.buildsystem.ProjectBuilder - main project[sample_test]'s message server codec file[Echo][D:\gitsinnori\sinnori\project\sample_test\client_build\web_build\src\main\java\kr\pe\sinnori\impl\message] creation task end
19:22:54.246 [main] INFO  k.p.s.c.buildsystem.ProjectBuilder - main project[sample_test]'s message client codec file[Echo][D:\gitsinnori\sinnori\project\sample_test\client_build\web_build\src\main\java\kr\pe\sinnori\impl\message] creation task start
19:22:54.248 [main] INFO  k.p.s.c.buildsystem.ProjectBuilder - main project[sample_test]'s message client codec file[Echo][D:\gitsinnori\sinnori\project\sample_test\client_build\web_build\src\main\java\kr\pe\sinnori\impl\message] creation task end
19:22:54.249 [main] INFO  k.p.s.common.util.CommonStaticUtil - the new child relative direcotry[D:\gitsinnori\sinnori\project\sample_test\client_build\web_build\src\main\java\kr\pe\sinnori\impl\message][PublicKeyReq] was created successfully
19:22:54.249 [main] INFO  k.p.s.c.buildsystem.ProjectBuilder - main project[sample_test]'s message file[PublicKeyReq][D:\gitsinnori\sinnori\project\sample_test\client_build\web_build\src\main\java\kr\pe\sinnori\impl\message] creation task start
19:22:54.255 [main] INFO  k.p.s.c.buildsystem.ProjectBuilder - main project[sample_test]'s message file[PublicKeyReq][D:\gitsinnori\sinnori\project\sample_test\client_build\web_build\src\main\java\kr\pe\sinnori\impl\message] creation task end
19:22:54.256 [main] INFO  k.p.s.c.buildsystem.ProjectBuilder - main project[sample_test]'s message decoder file[PublicKeyReq][D:\gitsinnori\sinnori\project\sample_test\client_build\web_build\src\main\java\kr\pe\sinnori\impl\message] creation task start
19:22:54.262 [main] INFO  k.p.s.c.buildsystem.ProjectBuilder - main project[sample_test]'s message decoder file[PublicKeyReq][D:\gitsinnori\sinnori\project\sample_test\client_build\web_build\src\main\java\kr\pe\sinnori\impl\message] creation task end
19:22:54.262 [main] INFO  k.p.s.c.buildsystem.ProjectBuilder - main project[sample_test]'s message encoder file[PublicKeyReq][D:\gitsinnori\sinnori\project\sample_test\client_build\web_build\src\main\java\kr\pe\sinnori\impl\message] creation task start
19:22:54.267 [main] INFO  k.p.s.c.buildsystem.ProjectBuilder - main project[sample_test]'s message encoder file[PublicKeyReq][D:\gitsinnori\sinnori\project\sample_test\client_build\web_build\src\main\java\kr\pe\sinnori\impl\message] creation task end
19:22:54.267 [main] INFO  k.p.s.c.buildsystem.ProjectBuilder - main project[sample_test]'s message server codec file[PublicKeyReq][D:\gitsinnori\sinnori\project\sample_test\client_build\web_build\src\main\java\kr\pe\sinnori\impl\message] creation task start
19:22:54.269 [main] INFO  k.p.s.c.buildsystem.ProjectBuilder - main project[sample_test]'s message server codec file[PublicKeyReq][D:\gitsinnori\sinnori\project\sample_test\client_build\web_build\src\main\java\kr\pe\sinnori\impl\message] creation task end
19:22:54.272 [main] INFO  k.p.s.c.buildsystem.ProjectBuilder - main project[sample_test]'s message client codec file[PublicKeyReq][D:\gitsinnori\sinnori\project\sample_test\client_build\web_build\src\main\java\kr\pe\sinnori\impl\message] creation task start
19:22:54.274 [main] INFO  k.p.s.c.buildsystem.ProjectBuilder - main project[sample_test]'s message client codec file[PublicKeyReq][D:\gitsinnori\sinnori\project\sample_test\client_build\web_build\src\main\java\kr\pe\sinnori\impl\message] creation task end
19:22:54.275 [main] INFO  k.p.s.common.util.CommonStaticUtil - the new child relative direcotry[D:\gitsinnori\sinnori\project\sample_test\client_build\web_build\src\main\java\kr\pe\sinnori\impl\message][PublicKeyRes] was created successfully
19:22:54.275 [main] INFO  k.p.s.c.buildsystem.ProjectBuilder - main project[sample_test]'s message file[PublicKeyRes][D:\gitsinnori\sinnori\project\sample_test\client_build\web_build\src\main\java\kr\pe\sinnori\impl\message] creation task start
19:22:54.282 [main] INFO  k.p.s.c.buildsystem.ProjectBuilder - main project[sample_test]'s message file[PublicKeyRes][D:\gitsinnori\sinnori\project\sample_test\client_build\web_build\src\main\java\kr\pe\sinnori\impl\message] creation task end
19:22:54.283 [main] INFO  k.p.s.c.buildsystem.ProjectBuilder - main project[sample_test]'s message decoder file[PublicKeyRes][D:\gitsinnori\sinnori\project\sample_test\client_build\web_build\src\main\java\kr\pe\sinnori\impl\message] creation task start
19:22:54.289 [main] INFO  k.p.s.c.buildsystem.ProjectBuilder - main project[sample_test]'s message decoder file[PublicKeyRes][D:\gitsinnori\sinnori\project\sample_test\client_build\web_build\src\main\java\kr\pe\sinnori\impl\message] creation task end
19:22:54.289 [main] INFO  k.p.s.c.buildsystem.ProjectBuilder - main project[sample_test]'s message encoder file[PublicKeyRes][D:\gitsinnori\sinnori\project\sample_test\client_build\web_build\src\main\java\kr\pe\sinnori\impl\message] creation task start
19:22:54.297 [main] INFO  k.p.s.c.buildsystem.ProjectBuilder - main project[sample_test]'s message encoder file[PublicKeyRes][D:\gitsinnori\sinnori\project\sample_test\client_build\web_build\src\main\java\kr\pe\sinnori\impl\message] creation task end
19:22:54.297 [main] INFO  k.p.s.c.buildsystem.ProjectBuilder - main project[sample_test]'s message server codec file[PublicKeyRes][D:\gitsinnori\sinnori\project\sample_test\client_build\web_build\src\main\java\kr\pe\sinnori\impl\message] creation task start
19:22:54.300 [main] INFO  k.p.s.c.buildsystem.ProjectBuilder - main project[sample_test]'s message server codec file[PublicKeyRes][D:\gitsinnori\sinnori\project\sample_test\client_build\web_build\src\main\java\kr\pe\sinnori\impl\message] creation task end
19:22:54.300 [main] INFO  k.p.s.c.buildsystem.ProjectBuilder - main project[sample_test]'s message client codec file[PublicKeyRes][D:\gitsinnori\sinnori\project\sample_test\client_build\web_build\src\main\java\kr\pe\sinnori\impl\message] creation task start
19:22:54.303 [main] INFO  k.p.s.c.buildsystem.ProjectBuilder - main project[sample_test]'s message client codec file[PublicKeyRes][D:\gitsinnori\sinnori\project\sample_test\client_build\web_build\src\main\java\kr\pe\sinnori\impl\message] creation task end
19:22:54.304 [main] INFO  k.p.s.c.buildsystem.ProjectBuilder - main project[sample_test]'s web client message io file set creation task end
19:22:54.304 [main] INFO  k.p.s.c.buildsystem.ProjectBuilder - mainproject[sample_test]'s web client sample source files copy task start
19:22:54.555 [main] INFO  k.p.s.c.buildsystem.ProjectBuilder - mainproject[sample_test]'s web client sample source files copy task end
19:22:54.555 [main] INFO  k.p.s.c.buildsystem.ProjectBuilder - main project[sample_test]'s web client build system files creation task end
19:22:54.555 [main] INFO  k.p.s.c.buildsystem.ProjectBuilder - main project[sample_test]'s web root sample files creation task start
19:22:54.555 [main] INFO  k.p.s.c.buildsystem.ProjectBuilder - main project[sample_test]'s web root sample files copy task start
19:22:54.636 [main] INFO  k.p.s.c.buildsystem.ProjectBuilder - main project[sample_test]'s web root sample files copy task end
19:22:54.636 [main] INFO  k.p.s.c.buildsystem.ProjectBuilder - main project[sample_test]'s web root sample files creation task end
19:22:54.636 [main] INFO  k.p.s.c.buildsystem.ProjectBuilder - main project[sample_test]'s file creation task end
19:22:54.636 [main] INFO  k.p.s.c.b.BuildSystemSupporter - new main project creation task end
]]></system-out>
  <system-err><![CDATA[]]></system-err>
</testsuite>
