<?xml version="1.0" encoding="UTF-8" ?>
<testsuite errors="0" failures="0" hostname="madang02-pc" name="kr.pe.sinnori.common.buildsystem.BuildSystemPathSupporterTest" skipped="0" tests="17" time="0.171" timestamp="2018-04-11T09:00:05">
  <properties>
[...]
</properties>
  <testcase classname="kr.pe.sinnori.common.buildsystem.BuildSystemPathSupporterTest" name="testGetSessionKeyRSAKeypairPathString" time="0.005" />
  <testcase classname="kr.pe.sinnori.common.buildsystem.BuildSystemPathSupporterTest" name="testGetServerBuildConfigFilePathString" time="0.009" />
  <testcase classname="kr.pe.sinnori.common.buildsystem.BuildSystemPathSupporterTest" name="testGetSinnoriConfigFilePathString" time="0.0" />
  <testcase classname="kr.pe.sinnori.common.buildsystem.BuildSystemPathSupporterTest" name="testGetDBCPConnPoolConfigFilePathString" time="0.0" />
  <testcase classname="kr.pe.sinnori.common.buildsystem.BuildSystemPathSupporterTest" name="testGetClientBuildBasePathString" time="0.001" />
  <testcase classname="kr.pe.sinnori.common.buildsystem.BuildSystemPathSupporterTest" name="testGetLogbackConfigFilePathString" time="0.0" />
  <testcase classname="kr.pe.sinnori.common.buildsystem.BuildSystemPathSupporterTest" name="testGetWebClientBuildConfigFilePathString" time="0.0" />
  <testcase classname="kr.pe.sinnori.common.buildsystem.BuildSystemPathSupporterTest" name="testGetServerBuildPathString" time="0.0" />
  <testcase classname="kr.pe.sinnori.common.buildsystem.BuildSystemPathSupporterTest" name="testGetWebClientAntPropertiesFilePath" time="0.001" />
  <testcase classname="kr.pe.sinnori.common.buildsystem.BuildSystemPathSupporterTest" name="testGetAPPINFPathString" time="0.001" />
  <testcase classname="kr.pe.sinnori.common.buildsystem.BuildSystemPathSupporterTest" name="testGetAppClientBuildPathString" time="0.001" />
  <testcase classname="kr.pe.sinnori.common.buildsystem.BuildSystemPathSupporterTest" name="testGetSinnoriConfigPathString" time="0.001" />
  <testcase classname="kr.pe.sinnori.common.buildsystem.BuildSystemPathSupporterTest" name="testGetMessageInfoPathString" time="0.0" />
  <testcase classname="kr.pe.sinnori.common.buildsystem.BuildSystemPathSupporterTest" name="testGetProjectPathString" time="0.0" />
  <testcase classname="kr.pe.sinnori.common.buildsystem.BuildSystemPathSupporterTest" name="testGetAppClientBuildConfigFilePathString" time="0.006" />
  <testcase classname="kr.pe.sinnori.common.buildsystem.BuildSystemPathSupporterTest" name="testGetWebClientBuildPathString" time="0.004" />
  <testcase classname="kr.pe.sinnori.common.buildsystem.BuildSystemPathSupporterTest" name="testGetProjectBasePathString" time="0.0" />
  <system-out><![CDATA[the logback config file[D:\gitsinnori\sinnori\project\sample_base\resources\logback.xml] does not have read permissions
]]></system-out>
  <system-err><![CDATA[4월 11, 2018 6:00:05 오후 kr.pe.sinnori.common.buildsystem.BuildSystemPathSupporterTest testGetWebClientBuildPathString
정보: D:\gitsinnori\sinnori\project\sample_base\client_build\web_build
]]></system-err>
</testsuite>
