<?xml version="1.0" encoding="UTF-8" ?>
<testsuite errors="0" failures="0" hostname="madang02-pc" name="kr.pe.sinnori.client.asyn.AsynPrivateMailboxTest" skipped="0" tests="2" time="15.728" timestamp="2018-03-04T21:35:21">
  <properties>
[...]
</properties>
  <testcase classname="kr.pe.sinnori.client.asyn.AsynPrivateMailboxTest" name="test_생산자소비자쓰레드테스트" time="15.661" />
  <testcase classname="kr.pe.sinnori.client.asyn.AsynPrivateMailboxTest" name="testputToSyncOutputMessageQueue_2번연속호출하여큐를비우는로직테스트" time="0.016" />
  <system-out><![CDATA[2018-03-05 06:35:21,368 INFO  [Thread-0] AsynPrivateMailboxProducerThread::toLetter=LetterToServer [toSocketChannel=455300407, messageID=Echo, mailboxID=2, mailID=-2147483648, wrapBufferList size=0] (AsynPrivateMailboxProducerThread.java:75)
2018-03-05 06:35:21,368 INFO  [Thread-4] AsynPrivateMailboxProducerThread::toLetter=LetterToServer [toSocketChannel=1102422325, messageID=Echo, mailboxID=1, mailID=-2147483648, wrapBufferList size=0] (AsynPrivateMailboxProducerThread.java:75)
2018-03-05 06:35:21,878 WARN  [Thread-0] 1.서버 응답 시간[500]이 초과되었습니다. mailboxID=[2], mailID=[-2147483648] (AsynPrivateMailboxProducerThread.java:86)
2018-03-05 06:35:21,878 WARN  [Thread-4] 1.서버 응답 시간[500]이 초과되었습니다. mailboxID=[1], mailID=[-2147483648] (AsynPrivateMailboxProducerThread.java:86)
2018-03-05 06:35:21,879 INFO  [Thread-0] AsynPrivateMailboxProducerThread::toLetter=LetterToServer [toSocketChannel=1819272096, messageID=Echo, mailboxID=2, mailID=-2147483647, wrapBufferList size=0] (AsynPrivateMailboxProducerThread.java:75)
2018-03-05 06:35:21,879 INFO  [Thread-4] AsynPrivateMailboxProducerThread::toLetter=LetterToServer [toSocketChannel=1332893555, messageID=Echo, mailboxID=1, mailID=-2147483647, wrapBufferList size=0] (AsynPrivateMailboxProducerThread.java:75)
2018-03-05 06:35:21,890 WARN  [Thread-5] drop the received message[ReceivedLetter [messageID=Echo, mailboxID=2, mailID=-2147483648]] because it's mail id is different form this mailbox's mail id[-2147483647] (AsynPrivateMailbox.java:113)
2018-03-05 06:35:22,368 INFO  [Thread-2] 소켓 타임 아웃 발생 (AsynPrivateMailboxProducerThread.java:60)
2018-03-05 06:35:22,368 INFO  [Thread-3] 소켓 타임 아웃 발생 (AsynPrivateMailboxProducerThread.java:60)
2018-03-05 06:35:22,368 INFO  [Thread-1] 소켓 타임 아웃 발생 (AsynPrivateMailboxProducerThread.java:60)
2018-03-05 06:35:22,381 WARN  [Thread-0] 1.서버 응답 시간[500]이 초과되었습니다. mailboxID=[2], mailID=[-2147483647] (AsynPrivateMailboxProducerThread.java:86)
2018-03-05 06:35:22,381 WARN  [Thread-4] 1.서버 응답 시간[500]이 초과되었습니다. mailboxID=[1], mailID=[-2147483647] (AsynPrivateMailboxProducerThread.java:86)
2018-03-05 06:35:22,382 INFO  [Thread-0] AsynPrivateMailboxProducerThread::toLetter=LetterToServer [toSocketChannel=1101820276, messageID=Echo, mailboxID=2, mailID=-2147483646, wrapBufferList size=0] (AsynPrivateMailboxProducerThread.java:75)
2018-03-05 06:35:22,382 INFO  [Thread-4] AsynPrivateMailboxProducerThread::toLetter=LetterToServer [toSocketChannel=1263389253, messageID=Echo, mailboxID=1, mailID=-2147483646, wrapBufferList size=0] (AsynPrivateMailboxProducerThread.java:75)
2018-03-05 06:35:22,640 WARN  [Thread-8] drop the received message[ReceivedLetter [messageID=Echo, mailboxID=1, mailID=-2147483647]] because it's mail id is different form this mailbox's mail id[-2147483646] (AsynPrivateMailbox.java:113)
2018-03-05 06:35:22,885 WARN  [Thread-0] 1.서버 응답 시간[500]이 초과되었습니다. mailboxID=[2], mailID=[-2147483646] (AsynPrivateMailboxProducerThread.java:86)
2018-03-05 06:35:22,885 WARN  [Thread-4] 1.서버 응답 시간[500]이 초과되었습니다. mailboxID=[1], mailID=[-2147483646] (AsynPrivateMailboxProducerThread.java:86)
2018-03-05 06:35:22,886 INFO  [Thread-0] AsynPrivateMailboxProducerThread::toLetter=LetterToServer [toSocketChannel=223921424, messageID=Echo, mailboxID=2, mailID=-2147483645, wrapBufferList size=0] (AsynPrivateMailboxProducerThread.java:75)
2018-03-05 06:35:22,887 INFO  [Thread-4] AsynPrivateMailboxProducerThread::toLetter=LetterToServer [toSocketChannel=240082248, messageID=Echo, mailboxID=1, mailID=-2147483645, wrapBufferList size=0] (AsynPrivateMailboxProducerThread.java:75)
2018-03-05 06:35:23,050 WARN  [Thread-7] drop the received message[ReceivedLetter [messageID=Echo, mailboxID=1, mailID=-2147483648]] because it's mail id is different form this mailbox's mail id[-2147483645] (AsynPrivateMailbox.java:113)
2018-03-05 06:35:23,370 INFO  [Thread-2] 소켓 타임 아웃 발생 (AsynPrivateMailboxProducerThread.java:60)
2018-03-05 06:35:23,370 INFO  [Thread-3] 소켓 타임 아웃 발생 (AsynPrivateMailboxProducerThread.java:60)
2018-03-05 06:35:23,372 INFO  [Thread-1] 소켓 타임 아웃 발생 (AsynPrivateMailboxProducerThread.java:60)
2018-03-05 06:35:23,388 WARN  [Thread-0] 1.서버 응답 시간[500]이 초과되었습니다. mailboxID=[2], mailID=[-2147483645] (AsynPrivateMailboxProducerThread.java:86)
2018-03-05 06:35:23,388 WARN  [Thread-4] 1.서버 응답 시간[500]이 초과되었습니다. mailboxID=[1], mailID=[-2147483645] (AsynPrivateMailboxProducerThread.java:86)
2018-03-05 06:35:23,389 INFO  [Thread-2] AsynPrivateMailboxProducerThread::toLetter=LetterToServer [toSocketChannel=1852352057, messageID=Echo, mailboxID=2, mailID=-2147483644, wrapBufferList size=0] (AsynPrivateMailboxProducerThread.java:75)
2018-03-05 06:35:23,389 INFO  [Thread-4] AsynPrivateMailboxProducerThread::toLetter=LetterToServer [toSocketChannel=1646262717, messageID=Echo, mailboxID=1, mailID=-2147483644, wrapBufferList size=0] (AsynPrivateMailboxProducerThread.java:75)
2018-03-05 06:35:23,891 WARN  [Thread-4] 1.서버 응답 시간[500]이 초과되었습니다. mailboxID=[1], mailID=[-2147483644] (AsynPrivateMailboxProducerThread.java:86)
2018-03-05 06:35:23,891 WARN  [Thread-2] 1.서버 응답 시간[500]이 초과되었습니다. mailboxID=[2], mailID=[-2147483644] (AsynPrivateMailboxProducerThread.java:86)
2018-03-05 06:35:23,893 INFO  [Thread-2] AsynPrivateMailboxProducerThread::toLetter=LetterToServer [toSocketChannel=1622099332, messageID=Echo, mailboxID=2, mailID=-2147483643, wrapBufferList size=0] (AsynPrivateMailboxProducerThread.java:75)
2018-03-05 06:35:23,898 INFO  [Thread-4] AsynPrivateMailboxProducerThread::toLetter=LetterToServer [toSocketChannel=1066136386, messageID=Echo, mailboxID=1, mailID=-2147483643, wrapBufferList size=0] (AsynPrivateMailboxProducerThread.java:75)
2018-03-05 06:35:24,061 WARN  [Thread-5] drop the received message[ReceivedLetter [messageID=Echo, mailboxID=1, mailID=-2147483646]] because it's mail id is different form this mailbox's mail id[-2147483643] (AsynPrivateMailbox.java:113)
2018-03-05 06:35:24,274 WARN  [Thread-5] drop the received message[ReceivedLetter [messageID=Echo, mailboxID=2, mailID=-2147483644]] because it's mail id is different form this mailbox's mail id[-2147483643] (AsynPrivateMailbox.java:113)
2018-03-05 06:35:24,372 INFO  [Thread-3] 소켓 타임 아웃 발생 (AsynPrivateMailboxProducerThread.java:60)
2018-03-05 06:35:24,374 INFO  [Thread-1] 소켓 타임 아웃 발생 (AsynPrivateMailboxProducerThread.java:60)
2018-03-05 06:35:24,390 INFO  [Thread-0] 소켓 타임 아웃 발생 (AsynPrivateMailboxProducerThread.java:60)
2018-03-05 06:35:24,395 WARN  [Thread-2] 1.서버 응답 시간[500]이 초과되었습니다. mailboxID=[2], mailID=[-2147483643] (AsynPrivateMailboxProducerThread.java:86)
2018-03-05 06:35:24,396 INFO  [Thread-2] AsynPrivateMailboxProducerThread::toLetter=LetterToServer [toSocketChannel=1687211337, messageID=Echo, mailboxID=2, mailID=-2147483642, wrapBufferList size=0] (AsynPrivateMailboxProducerThread.java:75)
2018-03-05 06:35:24,400 WARN  [Thread-4] 1.서버 응답 시간[500]이 초과되었습니다. mailboxID=[1], mailID=[-2147483643] (AsynPrivateMailboxProducerThread.java:86)
2018-03-05 06:35:24,401 INFO  [Thread-4] AsynPrivateMailboxProducerThread::toLetter=LetterToServer [toSocketChannel=439421204, messageID=Echo, mailboxID=1, mailID=-2147483642, wrapBufferList size=0] (AsynPrivateMailboxProducerThread.java:75)
2018-03-05 06:35:24,425 WARN  [Thread-6] drop the received message[ReceivedLetter [messageID=Echo, mailboxID=2, mailID=-2147483646]] because it's mail id is different form this mailbox's mail id[-2147483642] (AsynPrivateMailbox.java:113)
2018-03-05 06:35:24,897 WARN  [Thread-2] 1.서버 응답 시간[500]이 초과되었습니다. mailboxID=[2], mailID=[-2147483642] (AsynPrivateMailboxProducerThread.java:86)
2018-03-05 06:35:24,897 INFO  [Thread-0] AsynPrivateMailboxProducerThread::toLetter=LetterToServer [toSocketChannel=1640469131, messageID=Echo, mailboxID=2, mailID=-2147483641, wrapBufferList size=0] (AsynPrivateMailboxProducerThread.java:75)
2018-03-05 06:35:24,902 WARN  [Thread-4] 1.서버 응답 시간[500]이 초과되었습니다. mailboxID=[1], mailID=[-2147483642] (AsynPrivateMailboxProducerThread.java:86)
2018-03-05 06:35:24,902 INFO  [Thread-4] AsynPrivateMailboxProducerThread::toLetter=LetterToServer [toSocketChannel=1851826695, messageID=Echo, mailboxID=1, mailID=-2147483641, wrapBufferList size=0] (AsynPrivateMailboxProducerThread.java:75)
2018-03-05 06:35:25,373 INFO  [Thread-3] 소켓 타임 아웃 발생 (AsynPrivateMailboxProducerThread.java:60)
2018-03-05 06:35:25,375 INFO  [Thread-1] 소켓 타임 아웃 발생 (AsynPrivateMailboxProducerThread.java:60)
2018-03-05 06:35:25,398 WARN  [Thread-0] 1.서버 응답 시간[500]이 초과되었습니다. mailboxID=[2], mailID=[-2147483641] (AsynPrivateMailboxProducerThread.java:86)
2018-03-05 06:35:25,399 INFO  [Thread-0] AsynPrivateMailboxProducerThread::toLetter=LetterToServer [toSocketChannel=1923485680, messageID=Echo, mailboxID=2, mailID=-2147483640, wrapBufferList size=0] (AsynPrivateMailboxProducerThread.java:75)
2018-03-05 06:35:25,404 WARN  [Thread-4] 1.서버 응답 시간[500]이 초과되었습니다. mailboxID=[1], mailID=[-2147483641] (AsynPrivateMailboxProducerThread.java:86)
2018-03-05 06:35:25,405 INFO  [Thread-4] AsynPrivateMailboxProducerThread::toLetter=LetterToServer [toSocketChannel=1932487783, messageID=Echo, mailboxID=1, mailID=-2147483640, wrapBufferList size=0] (AsynPrivateMailboxProducerThread.java:75)
2018-03-05 06:35:25,610 WARN  [Thread-8] drop the received message[ReceivedLetter [messageID=Echo, mailboxID=2, mailID=-2147483645]] because it's mail id is different form this mailbox's mail id[-2147483640] (AsynPrivateMailbox.java:113)
2018-03-05 06:35:25,900 INFO  [Thread-2] 소켓 타임 아웃 발생 (AsynPrivateMailboxProducerThread.java:60)
2018-03-05 06:35:26,006 WARN  [Thread-9] drop the received message[ReceivedLetter [messageID=Echo, mailboxID=2, mailID=-2147483647]] because it's mail id is different form this mailbox's mail id[-2147483640] (AsynPrivateMailbox.java:113)
2018-03-05 06:35:26,112 WARN  [Thread-0] 1.서버 응답 시간[500]이 초과되었습니다. mailboxID=[2], mailID=[-2147483640] (AsynPrivateMailboxProducerThread.java:86)
2018-03-05 06:35:26,113 INFO  [Thread-0] AsynPrivateMailboxProducerThread::toLetter=LetterToServer [toSocketChannel=1344534273, messageID=Echo, mailboxID=2, mailID=-2147483639, wrapBufferList size=0] (AsynPrivateMailboxProducerThread.java:75)
2018-03-05 06:35:26,375 INFO  [Thread-3] 소켓 타임 아웃 발생 (AsynPrivateMailboxProducerThread.java:60)
2018-03-05 06:35:26,377 INFO  [Thread-1] 소켓 타임 아웃 발생 (AsynPrivateMailboxProducerThread.java:60)
2018-03-05 06:35:26,509 WARN  [Thread-4] 1.서버 응답 시간[500]이 초과되었습니다. mailboxID=[1], mailID=[-2147483640] (AsynPrivateMailboxProducerThread.java:86)
2018-03-05 06:35:26,509 INFO  [Thread-4] AsynPrivateMailboxProducerThread::toLetter=LetterToServer [toSocketChannel=324960419, messageID=Echo, mailboxID=1, mailID=-2147483639, wrapBufferList size=0] (AsynPrivateMailboxProducerThread.java:75)
2018-03-05 06:35:26,767 WARN  [Thread-7] drop the received message[ReceivedLetter [messageID=Echo, mailboxID=1, mailID=-2147483645]] because it's mail id is different form this mailbox's mail id[-2147483639] (AsynPrivateMailbox.java:113)
2018-03-05 06:35:26,901 INFO  [Thread-2] 소켓 타임 아웃 발생 (AsynPrivateMailboxProducerThread.java:60)
2018-03-05 06:35:27,268 WARN  [Thread-0] 1.서버 응답 시간[500]이 초과되었습니다. mailboxID=[2], mailID=[-2147483639] (AsynPrivateMailboxProducerThread.java:86)
2018-03-05 06:35:27,269 INFO  [Thread-0] AsynPrivateMailboxProducerThread::toLetter=LetterToServer [toSocketChannel=463001680, messageID=Echo, mailboxID=2, mailID=-2147483638, wrapBufferList size=0] (AsynPrivateMailboxProducerThread.java:75)
2018-03-05 06:35:27,378 INFO  [Thread-3] 소켓 타임 아웃 발생 (AsynPrivateMailboxProducerThread.java:60)
2018-03-05 06:35:27,379 INFO  [Thread-1] 소켓 타임 아웃 발생 (AsynPrivateMailboxProducerThread.java:60)
2018-03-05 06:35:27,895 WARN  [Thread-5] drop the received message[ReceivedLetter [messageID=Echo, mailboxID=1, mailID=-2147483644]] because it's mail id is different form this mailbox's mail id[-2147483639] (AsynPrivateMailbox.java:113)
2018-03-05 06:35:27,902 INFO  [Thread-2] 소켓 타임 아웃 발생 (AsynPrivateMailboxProducerThread.java:60)
2018-03-05 06:35:28,123 WARN  [Thread-8] drop the received message[ReceivedLetter [messageID=Echo, mailboxID=1, mailID=-2147483643]] because it's mail id is different form this mailbox's mail id[-2147483639] (AsynPrivateMailbox.java:113)
2018-03-05 06:35:28,370 WARN  [Thread-5] drop the received message[ReceivedLetter [messageID=Echo, mailboxID=2, mailID=-2147483641]] because it's mail id is different form this mailbox's mail id[-2147483638] (AsynPrivateMailbox.java:113)
2018-03-05 06:35:28,380 INFO  [Thread-3] 소켓 타임 아웃 발생 (AsynPrivateMailboxProducerThread.java:60)
2018-03-05 06:35:28,382 INFO  [Thread-1] 소켓 타임 아웃 발생 (AsynPrivateMailboxProducerThread.java:60)
2018-03-05 06:35:28,398 WARN  [Thread-4] 1.서버 응답 시간[500]이 초과되었습니다. mailboxID=[1], mailID=[-2147483639] (AsynPrivateMailboxProducerThread.java:86)
2018-03-05 06:35:28,398 INFO  [Thread-2] AsynPrivateMailboxProducerThread::toLetter=LetterToServer [toSocketChannel=563236799, messageID=Echo, mailboxID=1, mailID=-2147483638, wrapBufferList size=0] (AsynPrivateMailboxProducerThread.java:75)
2018-03-05 06:35:28,407 WARN  [Thread-6] drop the received message[ReceivedLetter [messageID=Echo, mailboxID=2, mailID=-2147483643]] because it's mail id is different form this mailbox's mail id[-2147483638] (AsynPrivateMailbox.java:113)
2018-03-05 06:35:28,548 WARN  [Thread-6] drop the received message[ReceivedLetter [messageID=Echo, mailboxID=1, mailID=-2147483640]] because it's mail id is different form this mailbox's mail id[-2147483638] (AsynPrivateMailbox.java:113)
2018-03-05 06:35:28,622 WARN  [Thread-7] drop the received message[ReceivedLetter [messageID=Echo, mailboxID=1, mailID=-2147483642]] because it's mail id is different form this mailbox's mail id[-2147483638] (AsynPrivateMailbox.java:113)
2018-03-05 06:35:28,624 WARN  [Thread-0] 1.서버 응답 시간[500]이 초과되었습니다. mailboxID=[2], mailID=[-2147483638] (AsynPrivateMailboxProducerThread.java:86)
2018-03-05 06:35:28,625 INFO  [Thread-0] AsynPrivateMailboxProducerThread::toLetter=LetterToServer [toSocketChannel=1184252514, messageID=Echo, mailboxID=2, mailID=-2147483637, wrapBufferList size=0] (AsynPrivateMailboxProducerThread.java:75)
2018-03-05 06:35:28,908 WARN  [Thread-2] 1.서버 응답 시간[500]이 초과되었습니다. mailboxID=[1], mailID=[-2147483638] (AsynPrivateMailboxProducerThread.java:86)
2018-03-05 06:35:28,909 INFO  [Thread-1] AsynPrivateMailboxProducerThread::toLetter=LetterToServer [toSocketChannel=986720868, messageID=Echo, mailboxID=1, mailID=-2147483637, wrapBufferList size=0] (AsynPrivateMailboxProducerThread.java:75)
2018-03-05 06:35:29,127 WARN  [Thread-0] 1.서버 응답 시간[500]이 초과되었습니다. mailboxID=[2], mailID=[-2147483637] (AsynPrivateMailboxProducerThread.java:86)
2018-03-05 06:35:29,128 INFO  [Thread-3] AsynPrivateMailboxProducerThread::toLetter=LetterToServer [toSocketChannel=722472625, messageID=Echo, mailboxID=2, mailID=-2147483636, wrapBufferList size=0] (AsynPrivateMailboxProducerThread.java:75)
2018-03-05 06:35:29,411 WARN  [Thread-1] 1.서버 응답 시간[500]이 초과되었습니다. mailboxID=[1], mailID=[-2147483637] (AsynPrivateMailboxProducerThread.java:86)
2018-03-05 06:35:29,413 INFO  [Thread-2] AsynPrivateMailboxProducerThread::toLetter=LetterToServer [toSocketChannel=174095578, messageID=Echo, mailboxID=1, mailID=-2147483636, wrapBufferList size=0] (AsynPrivateMailboxProducerThread.java:75)
2018-03-05 06:35:29,630 WARN  [Thread-3] 1.서버 응답 시간[500]이 초과되었습니다. mailboxID=[2], mailID=[-2147483636] (AsynPrivateMailboxProducerThread.java:86)
2018-03-05 06:35:29,631 INFO  [Thread-3] AsynPrivateMailboxProducerThread::toLetter=LetterToServer [toSocketChannel=634910115, messageID=Echo, mailboxID=2, mailID=-2147483635, wrapBufferList size=0] (AsynPrivateMailboxProducerThread.java:75)
2018-03-05 06:35:30,120 WARN  [Thread-7] drop the received message[ReceivedLetter [messageID=Echo, mailboxID=1, mailID=-2147483639]] because it's mail id is different form this mailbox's mail id[-2147483636] (AsynPrivateMailbox.java:113)
2018-03-05 06:35:30,222 WARN  [Thread-9] drop the received message[ReceivedLetter [messageID=Echo, mailboxID=2, mailID=-2147483642]] because it's mail id is different form this mailbox's mail id[-2147483635] (AsynPrivateMailbox.java:113)
2018-03-05 06:35:30,415 INFO  [Thread-1] 소켓 타임 아웃 발생 (AsynPrivateMailboxProducerThread.java:60)
2018-03-05 06:35:30,622 WARN  [Thread-2] 1.서버 응답 시간[500]이 초과되었습니다. mailboxID=[1], mailID=[-2147483636] (AsynPrivateMailboxProducerThread.java:86)
2018-03-05 06:35:30,623 INFO  [Thread-1] AsynPrivateMailboxProducerThread::toLetter=LetterToServer [toSocketChannel=873972558, messageID=Echo, mailboxID=1, mailID=-2147483635, wrapBufferList size=0] (AsynPrivateMailboxProducerThread.java:75)
2018-03-05 06:35:30,723 WARN  [Thread-3] 1.서버 응답 시간[500]이 초과되었습니다. mailboxID=[2], mailID=[-2147483635] (AsynPrivateMailboxProducerThread.java:86)
2018-03-05 06:35:30,723 INFO  [Thread-3] AsynPrivateMailboxProducerThread::toLetter=LetterToServer [toSocketChannel=568878529, messageID=Echo, mailboxID=2, mailID=-2147483634, wrapBufferList size=0] (AsynPrivateMailboxProducerThread.java:75)
2018-03-05 06:35:30,836 WARN  [Thread-7] drop the received message[ReceivedLetter [messageID=Echo, mailboxID=2, mailID=-2147483638]] because it's mail id is different form this mailbox's mail id[-2147483634] (AsynPrivateMailbox.java:113)
2018-03-05 06:35:31,339 WARN  [Thread-1] 1.서버 응답 시간[500]이 초과되었습니다. mailboxID=[1], mailID=[-2147483635] (AsynPrivateMailboxProducerThread.java:86)
2018-03-05 06:35:31,367 WARN  [Thread-6] drop the received message[ReceivedLetter [messageID=Echo, mailboxID=2, mailID=-2147483639]] because it's mail id is different form this mailbox's mail id[-2147483634] (AsynPrivateMailbox.java:113)
2018-03-05 06:35:31,868 WARN  [Thread-3] 1.서버 응답 시간[500]이 초과되었습니다. mailboxID=[2], mailID=[-2147483634] (AsynPrivateMailboxProducerThread.java:86)
2018-03-05 06:35:31,868 INFO  [main] call sleep (AsynPrivateMailboxTest.java:117)
2018-03-05 06:35:32,242 WARN  [Thread-8] drop the received message[ReceivedLetter [messageID=Echo, mailboxID=1, mailID=-2147483641]] because it's mail id is different form this mailbox's mail id[-2147483634] (AsynPrivateMailbox.java:113)
2018-03-05 06:35:33,079 WARN  [Thread-5] drop the received message[ReceivedLetter [messageID=Echo, mailboxID=2, mailID=-2147483640]] because it's mail id is different form this mailbox's mail id[-2147483633] (AsynPrivateMailbox.java:113)
2018-03-05 06:35:33,528 WARN  [Thread-9] drop the received message[ReceivedLetter [messageID=Echo, mailboxID=1, mailID=-2147483638]] because it's mail id is different form this mailbox's mail id[-2147483634] (AsynPrivateMailbox.java:113)
2018-03-05 06:35:34,090 WARN  [Thread-8] drop the received message[ReceivedLetter [messageID=Echo, mailboxID=2, mailID=-2147483636]] because it's mail id is different form this mailbox's mail id[-2147483633] (AsynPrivateMailbox.java:113)
2018-03-05 06:35:34,347 WARN  [Thread-9] drop the received message[ReceivedLetter [messageID=Echo, mailboxID=2, mailID=-2147483635]] because it's mail id is different form this mailbox's mail id[-2147483633] (AsynPrivateMailbox.java:113)
2018-03-05 06:35:34,360 WARN  [Thread-5] drop the received message[ReceivedLetter [messageID=Echo, mailboxID=1, mailID=-2147483636]] because it's mail id is different form this mailbox's mail id[-2147483634] (AsynPrivateMailbox.java:113)
2018-03-05 06:35:34,819 WARN  [Thread-7] drop the received message[ReceivedLetter [messageID=Echo, mailboxID=2, mailID=-2147483637]] because it's mail id is different form this mailbox's mail id[-2147483633] (AsynPrivateMailbox.java:113)
2018-03-05 06:35:35,021 WARN  [Thread-6] drop the received message[ReceivedLetter [messageID=Echo, mailboxID=1, mailID=-2147483637]] because it's mail id is different form this mailbox's mail id[-2147483634] (AsynPrivateMailbox.java:113)
2018-03-05 06:35:36,893 WARN  [main] drop the received message[ReceivedLetter [messageID=Echo, mailboxID=1, mailID=-2147483648]] because it was failed to insert the received message into outputmessage-queue[isEmpty=true] (AsynPrivateMailbox.java:133)
2018-03-05 06:35:36,893 WARN  [main] drop the received message[ReceivedLetter [messageID=Echo, mailboxID=1, mailID=-2147483648]] because it was failed to insert the received message into outputmessage-queue[isEmpty=true] (AsynPrivateMailbox.java:133)
]]></system-out>
  <system-err><![CDATA[]]></system-err>
</testsuite>
