<?xml version="1.0" encoding="UTF-8" ?>
<testsuite errors="0" failures="0" hostname="madang02-pc" name="kr.pe.sinnori.common.buildsystem.BuildSystemSupporterTest" skipped="0" tests="1" time="0.779" timestamp="2018-02-27T00:45:28">
  <properties>
[...]
</properties>
  <testcase classname="kr.pe.sinnori.common.buildsystem.BuildSystemSupporterTest" name="testCreateNewMainProjectBuildSystem" time="0.741" />
  <system-out><![CDATA[09:45:28.747 [main] INFO  k.p.s.c.b.BuildSystemSupporter - new main project drop task stat
09:45:28.783 [main] INFO  k.p.s.c.b.BuildSystemSupporter - new main project drop task end
09:45:28.783 [main] INFO  k.p.s.c.b.BuildSystemSupporter - new main project creation task stat
09:45:28.784 [main] INFO  k.p.s.c.buildsystem.ProjectBuilder - main project[sample_test]'s child direcotry creation task start
09:45:28.785 [main] INFO  k.p.s.c.buildsystem.ProjectBuilder - main project[sample_test]'s common child direcotry creation task start
09:45:28.786 [main] INFO  k.p.s.common.util.CommonStaticUtil - the new child relative direcotry[D:\gitsinnori\sinnori\project\sample_test][config] was created successfully
09:45:28.787 [main] INFO  k.p.s.common.util.CommonStaticUtil - the new child relative direcotry[D:\gitsinnori\sinnori\project\sample_test][resources/dbcp] was created successfully
09:45:28.787 [main] INFO  k.p.s.common.util.CommonStaticUtil - the new child relative direcotry[D:\gitsinnori\sinnori\project\sample_test][resources/message_info] was created successfully
09:45:28.788 [main] INFO  k.p.s.common.util.CommonStaticUtil - the new child relative direcotry[D:\gitsinnori\sinnori\project\sample_test][resources/rsa_keypair] was created successfully
09:45:28.788 [main] INFO  k.p.s.common.util.CommonStaticUtil - the new child relative direcotry[D:\gitsinnori\sinnori\project\sample_test][log/apache] was created successfully
09:45:28.788 [main] INFO  k.p.s.common.util.CommonStaticUtil - the new child relative direcotry[D:\gitsinnori\sinnori\project\sample_test][log/client] was created successfully
09:45:28.789 [main] INFO  k.p.s.common.util.CommonStaticUtil - the new child relative direcotry[D:\gitsinnori\sinnori\project\sample_test][log/server] was created successfully
09:45:28.789 [main] INFO  k.p.s.common.util.CommonStaticUtil - the new child relative direcotry[D:\gitsinnori\sinnori\project\sample_test][log/servlet] was created successfully
09:45:28.789 [main] INFO  k.p.s.c.buildsystem.ProjectBuilder - main project[sample_test]'s common child direcotry creation task end
09:45:28.789 [main] INFO  k.p.s.c.buildsystem.ProjectBuilder - main project[sample_test]'s application build child direcotry creation task start
09:45:28.790 [main] INFO  k.p.s.common.util.CommonStaticUtil - the new child relative direcotry[D:\gitsinnori\sinnori\project\sample_test][client_build/app_build/corelib/ex] was created successfully
09:45:28.791 [main] INFO  k.p.s.common.util.CommonStaticUtil - the new child relative direcotry[D:\gitsinnori\sinnori\project\sample_test][client_build/app_build/corelib/in] was created successfully
09:45:28.792 [main] INFO  k.p.s.common.util.CommonStaticUtil - the new child relative direcotry[D:\gitsinnori\sinnori\project\sample_test][client_build/app_build/lib/main/ex] was created successfully
09:45:28.792 [main] INFO  k.p.s.common.util.CommonStaticUtil - the new child relative direcotry[D:\gitsinnori\sinnori\project\sample_test][client_build/app_build/lib/main/in] was created successfully
09:45:28.792 [main] INFO  k.p.s.common.util.CommonStaticUtil - the new child relative direcotry[D:\gitsinnori\sinnori\project\sample_test][client_build/app_build/lib/test] was created successfully
09:45:28.795 [main] INFO  k.p.s.common.util.CommonStaticUtil - the new child relative direcotry[D:\gitsinnori\sinnori\project\sample_test][client_build/app_build/src/main/java/kr/pe/sinnori/impl/message] was created successfully
09:45:28.796 [main] INFO  k.p.s.common.util.CommonStaticUtil - the new child relative direcotry[D:\gitsinnori\sinnori\project\sample_test][client_build/app_build/src/main/java/main] was created successfully
09:45:28.797 [main] INFO  k.p.s.common.util.CommonStaticUtil - the new child relative direcotry[D:\gitsinnori\sinnori\project\sample_test][client_build/app_build/src/test/java] was created successfully
09:45:28.797 [main] INFO  k.p.s.common.util.CommonStaticUtil - the new child relative direcotry[D:\gitsinnori\sinnori\project\sample_test][client_build/app_build/build] was created successfully
09:45:28.797 [main] INFO  k.p.s.common.util.CommonStaticUtil - the new child relative direcotry[D:\gitsinnori\sinnori\project\sample_test][client_build/app_build/dist] was created successfully
09:45:28.825 [main] INFO  k.p.s.c.buildsystem.ProjectBuilder - main project[sample_test]'s application build child direcotry creation task end
09:45:28.825 [main] INFO  k.p.s.c.buildsystem.ProjectBuilder - main project[sample_test]'s web build child direcotry creation task start
09:45:28.827 [main] INFO  k.p.s.common.util.CommonStaticUtil - the new child relative direcotry[D:\gitsinnori\sinnori\project\sample_test][client_build/web_build/corelib/ex] was created successfully
09:45:28.827 [main] INFO  k.p.s.common.util.CommonStaticUtil - the new child relative direcotry[D:\gitsinnori\sinnori\project\sample_test][client_build/web_build/corelib/in] was created successfully
09:45:28.828 [main] INFO  k.p.s.common.util.CommonStaticUtil - the new child relative direcotry[D:\gitsinnori\sinnori\project\sample_test][client_build/web_build/lib/main/ex] was created successfully
09:45:28.829 [main] INFO  k.p.s.common.util.CommonStaticUtil - the new child relative direcotry[D:\gitsinnori\sinnori\project\sample_test][client_build/web_build/lib/main/in] was created successfully
09:45:28.829 [main] INFO  k.p.s.common.util.CommonStaticUtil - the new child relative direcotry[D:\gitsinnori\sinnori\project\sample_test][client_build/web_build/lib/test] was created successfully
09:45:28.832 [main] INFO  k.p.s.common.util.CommonStaticUtil - the new child relative direcotry[D:\gitsinnori\sinnori\project\sample_test][client_build/web_build/src/main/java/kr/pe/sinnori/impl/message] was created successfully
09:45:28.833 [main] INFO  k.p.s.common.util.CommonStaticUtil - the new child relative direcotry[D:\gitsinnori\sinnori\project\sample_test][client_build/web_build/src/main/java//kr/pe/sinnori/servlet] was created successfully
09:45:28.833 [main] INFO  k.p.s.common.util.CommonStaticUtil - the new child relative direcotry[D:\gitsinnori\sinnori\project\sample_test][client_build/web_build/src/main/java/kr/pe/sinnori/weblib/common] was created successfully
09:45:28.834 [main] INFO  k.p.s.common.util.CommonStaticUtil - the new child relative direcotry[D:\gitsinnori\sinnori\project\sample_test][client_build/web_build/src/main/java/kr/pe/sinnori/weblib/htmlstring] was created successfully
09:45:28.834 [main] INFO  k.p.s.common.util.CommonStaticUtil - the new child relative direcotry[D:\gitsinnori\sinnori\project\sample_test][client_build/web_build/src/main/java/kr/pe/sinnori/weblib/jdf] was created successfully
09:45:28.835 [main] INFO  k.p.s.common.util.CommonStaticUtil - the new child relative direcotry[D:\gitsinnori\sinnori\project\sample_test][client_build/web_build/src/test/java] was created successfully
09:45:28.835 [main] INFO  k.p.s.common.util.CommonStaticUtil - the new child relative direcotry[D:\gitsinnori\sinnori\project\sample_test][client_build/web_build/build] was created successfully
09:45:28.835 [main] INFO  k.p.s.common.util.CommonStaticUtil - the new child relative direcotry[D:\gitsinnori\sinnori\project\sample_test][client_build/web_build/dist] was created successfully
09:45:28.835 [main] INFO  k.p.s.c.buildsystem.ProjectBuilder - main project[sample_test]'s web build child direcotry creation task end
09:45:28.835 [main] INFO  k.p.s.c.buildsystem.ProjectBuilder - main project[sample_test]'s web root child direcotry creation task start
09:45:28.836 [main] INFO  k.p.s.common.util.CommonStaticUtil - the new child relative direcotry[D:\gitsinnori\sinnori\project\sample_test][web_app_base/upload] was created successfully
09:45:28.837 [main] INFO  k.p.s.common.util.CommonStaticUtil - the new child relative direcotry[D:\gitsinnori\sinnori\project\sample_test][web_app_base/ROOT/WEB-INF/classes] was created successfully
09:45:28.837 [main] INFO  k.p.s.common.util.CommonStaticUtil - the new child relative direcotry[D:\gitsinnori\sinnori\project\sample_test][web_app_base/ROOT/WEB-INF/lib] was created successfully
09:45:28.837 [main] INFO  k.p.s.c.buildsystem.ProjectBuilder - main project[sample_test]'s web root child direcotry creation task end
09:45:28.837 [main] INFO  k.p.s.c.buildsystem.ProjectBuilder - main project[sample_test]'s child direcotry creation task end
09:45:28.838 [main] INFO  k.p.s.c.buildsystem.ProjectBuilder - main project[sample_test]'s file creation task start
09:45:28.838 [main] INFO  k.p.s.c.buildsystem.ProjectBuilder - main project[sample_test]'s config file creation task start
09:45:28.856 [main] INFO  k.p.s.c.util.SequencedPropertiesUtil - the sequenced properties file[D:\gitsinnori\sinnori\project\sample_test\config\sinnori.properties] was created
09:45:28.864 [main] INFO  k.p.s.c.buildsystem.ProjectBuilder - main project[sample_test]'s config file creation task end
09:45:28.864 [main] INFO  k.p.s.c.buildsystem.ProjectBuilder - the mainproject[sample_test]'s resources directory copy task start
09:45:28.889 [main] INFO  k.p.s.c.buildsystem.ProjectBuilder - the mainproject[sample_test]'s resources directory copy task end
09:45:28.889 [main] INFO  k.p.s.c.buildsystem.ProjectBuilder - mainproject[sample_test]'s application client build system files creation task start
09:45:28.889 [main] INFO  k.p.s.c.buildsystem.ProjectBuilder - main project[sample_test]'s application client ant build.xml file creation task start
09:45:28.892 [main] INFO  k.p.s.c.buildsystem.ProjectBuilder - main project[sample_test]'s application client ant build.xml file creation task end
09:45:28.892 [main] INFO  k.p.s.c.buildsystem.ProjectBuilder - main project[sample_test]'s application client dos shell file creation task start
09:45:28.897 [main] INFO  k.p.s.c.buildsystem.ProjectBuilder - main project[sample_test]'s application client dos shell file creation task end
09:45:28.897 [main] INFO  k.p.s.c.buildsystem.ProjectBuilder - main project[sample_test]'s application client unix shell file creation task start
09:45:28.900 [main] INFO  k.p.s.c.buildsystem.ProjectBuilder - main project[sample_test]'s application client unix shell file creation task end
09:45:28.900 [main] INFO  k.p.s.c.buildsystem.ProjectBuilder - application client sample source files copy task start
09:45:28.914 [main] INFO  k.p.s.c.buildsystem.ProjectBuilder - application client sample source files copy task end
09:45:28.914 [main] INFO  k.p.s.c.buildsystem.ProjectBuilder - main project[sample_test]'s application client message io file set creation task start
09:45:28.915 [main] INFO  k.p.s.common.util.CommonStaticUtil - the new child relative direcotry[D:\gitsinnori\sinnori\project\sample_test\client_build\app_build\src\main\java\kr\pe\sinnori\impl\message][Echo] was created successfully
09:45:28.915 [main] INFO  k.p.s.c.buildsystem.ProjectBuilder - main project[sample_test]'s message file[Echo][D:\gitsinnori\sinnori\project\sample_test\client_build\app_build\src\main\java\kr\pe\sinnori\impl\message] creation task start
09:45:29.000 [main] INFO  k.p.s.c.m.b.i.SingleItemTypeManger - the sinnori message information .xsl temporary file[C:\Users\user\AppData\Local\Temp\SinnoriMsgXSL6482810387789158442.tmp] was created successfully
09:45:29.046 [main] INFO  k.p.s.c.buildsystem.ProjectBuilder - main project[sample_test]'s message file[Echo][D:\gitsinnori\sinnori\project\sample_test\client_build\app_build\src\main\java\kr\pe\sinnori\impl\message] creation task end
09:45:29.047 [main] INFO  k.p.s.c.buildsystem.ProjectBuilder - main project[sample_test]'s message decoder file[Echo][D:\gitsinnori\sinnori\project\sample_test\client_build\app_build\src\main\java\kr\pe\sinnori\impl\message] creation task start
09:45:29.056 [main] INFO  k.p.s.c.buildsystem.ProjectBuilder - main project[sample_test]'s message decoder file[Echo][D:\gitsinnori\sinnori\project\sample_test\client_build\app_build\src\main\java\kr\pe\sinnori\impl\message] creation task end
09:45:29.056 [main] INFO  k.p.s.c.buildsystem.ProjectBuilder - main project[sample_test]'s message encoder file[Echo][D:\gitsinnori\sinnori\project\sample_test\client_build\app_build\src\main\java\kr\pe\sinnori\impl\message] creation task start
09:45:29.066 [main] INFO  k.p.s.c.buildsystem.ProjectBuilder - main project[sample_test]'s message encoder file[Echo][D:\gitsinnori\sinnori\project\sample_test\client_build\app_build\src\main\java\kr\pe\sinnori\impl\message] creation task end
09:45:29.066 [main] INFO  k.p.s.c.buildsystem.ProjectBuilder - main project[sample_test]'s message server codec file[Echo][D:\gitsinnori\sinnori\project\sample_test\client_build\app_build\src\main\java\kr\pe\sinnori\impl\message] creation task start
09:45:29.068 [main] INFO  k.p.s.c.buildsystem.ProjectBuilder - main project[sample_test]'s message server codec file[Echo][D:\gitsinnori\sinnori\project\sample_test\client_build\app_build\src\main\java\kr\pe\sinnori\impl\message] creation task end
09:45:29.068 [main] INFO  k.p.s.c.buildsystem.ProjectBuilder - main project[sample_test]'s message client codec file[Echo][D:\gitsinnori\sinnori\project\sample_test\client_build\app_build\src\main\java\kr\pe\sinnori\impl\message] creation task start
09:45:29.070 [main] INFO  k.p.s.c.buildsystem.ProjectBuilder - main project[sample_test]'s message client codec file[Echo][D:\gitsinnori\sinnori\project\sample_test\client_build\app_build\src\main\java\kr\pe\sinnori\impl\message] creation task end
09:45:29.070 [main] INFO  k.p.s.common.util.CommonStaticUtil - the new child relative direcotry[D:\gitsinnori\sinnori\project\sample_test\client_build\app_build\src\main\java\kr\pe\sinnori\impl\message][PublicKeyReq] was created successfully
09:45:29.070 [main] INFO  k.p.s.c.buildsystem.ProjectBuilder - main project[sample_test]'s message file[PublicKeyReq][D:\gitsinnori\sinnori\project\sample_test\client_build\app_build\src\main\java\kr\pe\sinnori\impl\message] creation task start
09:45:29.077 [main] INFO  k.p.s.c.buildsystem.ProjectBuilder - main project[sample_test]'s message file[PublicKeyReq][D:\gitsinnori\sinnori\project\sample_test\client_build\app_build\src\main\java\kr\pe\sinnori\impl\message] creation task end
09:45:29.078 [main] INFO  k.p.s.c.buildsystem.ProjectBuilder - main project[sample_test]'s message decoder file[PublicKeyReq][D:\gitsinnori\sinnori\project\sample_test\client_build\app_build\src\main\java\kr\pe\sinnori\impl\message] creation task start
09:45:29.084 [main] INFO  k.p.s.c.buildsystem.ProjectBuilder - main project[sample_test]'s message decoder file[PublicKeyReq][D:\gitsinnori\sinnori\project\sample_test\client_build\app_build\src\main\java\kr\pe\sinnori\impl\message] creation task end
09:45:29.085 [main] INFO  k.p.s.c.buildsystem.ProjectBuilder - main project[sample_test]'s message encoder file[PublicKeyReq][D:\gitsinnori\sinnori\project\sample_test\client_build\app_build\src\main\java\kr\pe\sinnori\impl\message] creation task start
09:45:29.092 [main] INFO  k.p.s.c.buildsystem.ProjectBuilder - main project[sample_test]'s message encoder file[PublicKeyReq][D:\gitsinnori\sinnori\project\sample_test\client_build\app_build\src\main\java\kr\pe\sinnori\impl\message] creation task end
09:45:29.092 [main] INFO  k.p.s.c.buildsystem.ProjectBuilder - main project[sample_test]'s message server codec file[PublicKeyReq][D:\gitsinnori\sinnori\project\sample_test\client_build\app_build\src\main\java\kr\pe\sinnori\impl\message] creation task start
09:45:29.098 [main] INFO  k.p.s.c.buildsystem.ProjectBuilder - main project[sample_test]'s message server codec file[PublicKeyReq][D:\gitsinnori\sinnori\project\sample_test\client_build\app_build\src\main\java\kr\pe\sinnori\impl\message] creation task end
09:45:29.098 [main] INFO  k.p.s.c.buildsystem.ProjectBuilder - main project[sample_test]'s message client codec file[PublicKeyReq][D:\gitsinnori\sinnori\project\sample_test\client_build\app_build\src\main\java\kr\pe\sinnori\impl\message] creation task start
09:45:29.104 [main] INFO  k.p.s.c.buildsystem.ProjectBuilder - main project[sample_test]'s message client codec file[PublicKeyReq][D:\gitsinnori\sinnori\project\sample_test\client_build\app_build\src\main\java\kr\pe\sinnori\impl\message] creation task end
09:45:29.105 [main] INFO  k.p.s.common.util.CommonStaticUtil - the new child relative direcotry[D:\gitsinnori\sinnori\project\sample_test\client_build\app_build\src\main\java\kr\pe\sinnori\impl\message][PublicKeyRes] was created successfully
09:45:29.162 [main] INFO  k.p.s.c.buildsystem.ProjectBuilder - main project[sample_test]'s message file[PublicKeyRes][D:\gitsinnori\sinnori\project\sample_test\client_build\app_build\src\main\java\kr\pe\sinnori\impl\message] creation task start
09:45:29.183 [main] INFO  k.p.s.c.buildsystem.ProjectBuilder - main project[sample_test]'s message file[PublicKeyRes][D:\gitsinnori\sinnori\project\sample_test\client_build\app_build\src\main\java\kr\pe\sinnori\impl\message] creation task end
09:45:29.184 [main] INFO  k.p.s.c.buildsystem.ProjectBuilder - main project[sample_test]'s message decoder file[PublicKeyRes][D:\gitsinnori\sinnori\project\sample_test\client_build\app_build\src\main\java\kr\pe\sinnori\impl\message] creation task start
09:45:29.196 [main] INFO  k.p.s.c.buildsystem.ProjectBuilder - main project[sample_test]'s message decoder file[PublicKeyRes][D:\gitsinnori\sinnori\project\sample_test\client_build\app_build\src\main\java\kr\pe\sinnori\impl\message] creation task end
09:45:29.196 [main] INFO  k.p.s.c.buildsystem.ProjectBuilder - main project[sample_test]'s message encoder file[PublicKeyRes][D:\gitsinnori\sinnori\project\sample_test\client_build\app_build\src\main\java\kr\pe\sinnori\impl\message] creation task start
09:45:29.208 [main] INFO  k.p.s.c.buildsystem.ProjectBuilder - main project[sample_test]'s message encoder file[PublicKeyRes][D:\gitsinnori\sinnori\project\sample_test\client_build\app_build\src\main\java\kr\pe\sinnori\impl\message] creation task end
09:45:29.208 [main] INFO  k.p.s.c.buildsystem.ProjectBuilder - main project[sample_test]'s message server codec file[PublicKeyRes][D:\gitsinnori\sinnori\project\sample_test\client_build\app_build\src\main\java\kr\pe\sinnori\impl\message] creation task start
09:45:29.210 [main] INFO  k.p.s.c.buildsystem.ProjectBuilder - main project[sample_test]'s message server codec file[PublicKeyRes][D:\gitsinnori\sinnori\project\sample_test\client_build\app_build\src\main\java\kr\pe\sinnori\impl\message] creation task end
09:45:29.210 [main] INFO  k.p.s.c.buildsystem.ProjectBuilder - main project[sample_test]'s message client codec file[PublicKeyRes][D:\gitsinnori\sinnori\project\sample_test\client_build\app_build\src\main\java\kr\pe\sinnori\impl\message] creation task start
09:45:29.213 [main] INFO  k.p.s.c.buildsystem.ProjectBuilder - main project[sample_test]'s message client codec file[PublicKeyRes][D:\gitsinnori\sinnori\project\sample_test\client_build\app_build\src\main\java\kr\pe\sinnori\impl\message] creation task end
09:45:29.213 [main] INFO  k.p.s.c.buildsystem.ProjectBuilder - main project[sample_test]'s application client message io file set creation task end
09:45:29.213 [main] INFO  k.p.s.c.buildsystem.ProjectBuilder - mainproject[sample_test]'s application client build system files creation task end
09:45:29.214 [main] INFO  k.p.s.c.buildsystem.ProjectBuilder - main project[sample_test]'s web client build system files creation task start
09:45:29.214 [main] INFO  k.p.s.c.buildsystem.ProjectBuilder - main project[sample_test]'s web client ant build.xml file creation task start
09:45:29.217 [main] INFO  k.p.s.c.buildsystem.ProjectBuilder - main project[sample_test]'s web client ant build.xml file creation task end
09:45:29.217 [main] INFO  k.p.s.c.buildsystem.ProjectBuilder - main project[sample_test]'s web client ant properties file creation task start
09:45:29.218 [main] INFO  k.p.s.c.util.SequencedPropertiesUtil - the sequenced properties file[D:\gitsinnori\sinnori\project\sample_test\client_build\web_build\webAnt.properties] was created
09:45:29.222 [main] INFO  k.p.s.c.buildsystem.ProjectBuilder - main project[sample_test]'s web client ant properties file creation task end
09:45:29.223 [main] INFO  k.p.s.c.buildsystem.ProjectBuilder - main project[sample_test]'s web client message io file set creation task start
09:45:29.223 [main] INFO  k.p.s.common.util.CommonStaticUtil - the new child relative direcotry[D:\gitsinnori\sinnori\project\sample_test\client_build\web_build\src\main\java\kr\pe\sinnori\impl\message][Echo] was created successfully
09:45:29.224 [main] INFO  k.p.s.c.buildsystem.ProjectBuilder - main project[sample_test]'s message file[Echo][D:\gitsinnori\sinnori\project\sample_test\client_build\web_build\src\main\java\kr\pe\sinnori\impl\message] creation task start
09:45:29.231 [main] INFO  k.p.s.c.buildsystem.ProjectBuilder - main project[sample_test]'s message file[Echo][D:\gitsinnori\sinnori\project\sample_test\client_build\web_build\src\main\java\kr\pe\sinnori\impl\message] creation task end
09:45:29.231 [main] INFO  k.p.s.c.buildsystem.ProjectBuilder - main project[sample_test]'s message decoder file[Echo][D:\gitsinnori\sinnori\project\sample_test\client_build\web_build\src\main\java\kr\pe\sinnori\impl\message] creation task start
09:45:29.237 [main] INFO  k.p.s.c.buildsystem.ProjectBuilder - main project[sample_test]'s message decoder file[Echo][D:\gitsinnori\sinnori\project\sample_test\client_build\web_build\src\main\java\kr\pe\sinnori\impl\message] creation task end
09:45:29.238 [main] INFO  k.p.s.c.buildsystem.ProjectBuilder - main project[sample_test]'s message encoder file[Echo][D:\gitsinnori\sinnori\project\sample_test\client_build\web_build\src\main\java\kr\pe\sinnori\impl\message] creation task start
09:45:29.243 [main] INFO  k.p.s.c.buildsystem.ProjectBuilder - main project[sample_test]'s message encoder file[Echo][D:\gitsinnori\sinnori\project\sample_test\client_build\web_build\src\main\java\kr\pe\sinnori\impl\message] creation task end
09:45:29.244 [main] INFO  k.p.s.c.buildsystem.ProjectBuilder - main project[sample_test]'s message server codec file[Echo][D:\gitsinnori\sinnori\project\sample_test\client_build\web_build\src\main\java\kr\pe\sinnori\impl\message] creation task start
09:45:29.245 [main] INFO  k.p.s.c.buildsystem.ProjectBuilder - main project[sample_test]'s message server codec file[Echo][D:\gitsinnori\sinnori\project\sample_test\client_build\web_build\src\main\java\kr\pe\sinnori\impl\message] creation task end
09:45:29.245 [main] INFO  k.p.s.c.buildsystem.ProjectBuilder - main project[sample_test]'s message client codec file[Echo][D:\gitsinnori\sinnori\project\sample_test\client_build\web_build\src\main\java\kr\pe\sinnori\impl\message] creation task start
09:45:29.246 [main] INFO  k.p.s.c.buildsystem.ProjectBuilder - main project[sample_test]'s message client codec file[Echo][D:\gitsinnori\sinnori\project\sample_test\client_build\web_build\src\main\java\kr\pe\sinnori\impl\message] creation task end
09:45:29.246 [main] INFO  k.p.s.common.util.CommonStaticUtil - the new child relative direcotry[D:\gitsinnori\sinnori\project\sample_test\client_build\web_build\src\main\java\kr\pe\sinnori\impl\message][PublicKeyReq] was created successfully
09:45:29.246 [main] INFO  k.p.s.c.buildsystem.ProjectBuilder - main project[sample_test]'s message file[PublicKeyReq][D:\gitsinnori\sinnori\project\sample_test\client_build\web_build\src\main\java\kr\pe\sinnori\impl\message] creation task start
09:45:29.251 [main] INFO  k.p.s.c.buildsystem.ProjectBuilder - main project[sample_test]'s message file[PublicKeyReq][D:\gitsinnori\sinnori\project\sample_test\client_build\web_build\src\main\java\kr\pe\sinnori\impl\message] creation task end
09:45:29.251 [main] INFO  k.p.s.c.buildsystem.ProjectBuilder - main project[sample_test]'s message decoder file[PublicKeyReq][D:\gitsinnori\sinnori\project\sample_test\client_build\web_build\src\main\java\kr\pe\sinnori\impl\message] creation task start
09:45:29.258 [main] INFO  k.p.s.c.buildsystem.ProjectBuilder - main project[sample_test]'s message decoder file[PublicKeyReq][D:\gitsinnori\sinnori\project\sample_test\client_build\web_build\src\main\java\kr\pe\sinnori\impl\message] creation task end
09:45:29.319 [main] INFO  k.p.s.c.buildsystem.ProjectBuilder - main project[sample_test]'s message encoder file[PublicKeyReq][D:\gitsinnori\sinnori\project\sample_test\client_build\web_build\src\main\java\kr\pe\sinnori\impl\message] creation task start
09:45:29.325 [main] INFO  k.p.s.c.buildsystem.ProjectBuilder - main project[sample_test]'s message encoder file[PublicKeyReq][D:\gitsinnori\sinnori\project\sample_test\client_build\web_build\src\main\java\kr\pe\sinnori\impl\message] creation task end
09:45:29.325 [main] INFO  k.p.s.c.buildsystem.ProjectBuilder - main project[sample_test]'s message server codec file[PublicKeyReq][D:\gitsinnori\sinnori\project\sample_test\client_build\web_build\src\main\java\kr\pe\sinnori\impl\message] creation task start
09:45:29.327 [main] INFO  k.p.s.c.buildsystem.ProjectBuilder - main project[sample_test]'s message server codec file[PublicKeyReq][D:\gitsinnori\sinnori\project\sample_test\client_build\web_build\src\main\java\kr\pe\sinnori\impl\message] creation task end
09:45:29.327 [main] INFO  k.p.s.c.buildsystem.ProjectBuilder - main project[sample_test]'s message client codec file[PublicKeyReq][D:\gitsinnori\sinnori\project\sample_test\client_build\web_build\src\main\java\kr\pe\sinnori\impl\message] creation task start
09:45:29.330 [main] INFO  k.p.s.c.buildsystem.ProjectBuilder - main project[sample_test]'s message client codec file[PublicKeyReq][D:\gitsinnori\sinnori\project\sample_test\client_build\web_build\src\main\java\kr\pe\sinnori\impl\message] creation task end
09:45:29.331 [main] INFO  k.p.s.common.util.CommonStaticUtil - the new child relative direcotry[D:\gitsinnori\sinnori\project\sample_test\client_build\web_build\src\main\java\kr\pe\sinnori\impl\message][PublicKeyRes] was created successfully
09:45:29.331 [main] INFO  k.p.s.c.buildsystem.ProjectBuilder - main project[sample_test]'s message file[PublicKeyRes][D:\gitsinnori\sinnori\project\sample_test\client_build\web_build\src\main\java\kr\pe\sinnori\impl\message] creation task start
09:45:29.340 [main] INFO  k.p.s.c.buildsystem.ProjectBuilder - main project[sample_test]'s message file[PublicKeyRes][D:\gitsinnori\sinnori\project\sample_test\client_build\web_build\src\main\java\kr\pe\sinnori\impl\message] creation task end
09:45:29.340 [main] INFO  k.p.s.c.buildsystem.ProjectBuilder - main project[sample_test]'s message decoder file[PublicKeyRes][D:\gitsinnori\sinnori\project\sample_test\client_build\web_build\src\main\java\kr\pe\sinnori\impl\message] creation task start
09:45:29.353 [main] INFO  k.p.s.c.buildsystem.ProjectBuilder - main project[sample_test]'s message decoder file[PublicKeyRes][D:\gitsinnori\sinnori\project\sample_test\client_build\web_build\src\main\java\kr\pe\sinnori\impl\message] creation task end
09:45:29.354 [main] INFO  k.p.s.c.buildsystem.ProjectBuilder - main project[sample_test]'s message encoder file[PublicKeyRes][D:\gitsinnori\sinnori\project\sample_test\client_build\web_build\src\main\java\kr\pe\sinnori\impl\message] creation task start
09:45:29.360 [main] INFO  k.p.s.c.buildsystem.ProjectBuilder - main project[sample_test]'s message encoder file[PublicKeyRes][D:\gitsinnori\sinnori\project\sample_test\client_build\web_build\src\main\java\kr\pe\sinnori\impl\message] creation task end
09:45:29.360 [main] INFO  k.p.s.c.buildsystem.ProjectBuilder - main project[sample_test]'s message server codec file[PublicKeyRes][D:\gitsinnori\sinnori\project\sample_test\client_build\web_build\src\main\java\kr\pe\sinnori\impl\message] creation task start
09:45:29.362 [main] INFO  k.p.s.c.buildsystem.ProjectBuilder - main project[sample_test]'s message server codec file[PublicKeyRes][D:\gitsinnori\sinnori\project\sample_test\client_build\web_build\src\main\java\kr\pe\sinnori\impl\message] creation task end
09:45:29.363 [main] INFO  k.p.s.c.buildsystem.ProjectBuilder - main project[sample_test]'s message client codec file[PublicKeyRes][D:\gitsinnori\sinnori\project\sample_test\client_build\web_build\src\main\java\kr\pe\sinnori\impl\message] creation task start
09:45:29.365 [main] INFO  k.p.s.c.buildsystem.ProjectBuilder - main project[sample_test]'s message client codec file[PublicKeyRes][D:\gitsinnori\sinnori\project\sample_test\client_build\web_build\src\main\java\kr\pe\sinnori\impl\message] creation task end
09:45:29.365 [main] INFO  k.p.s.c.buildsystem.ProjectBuilder - main project[sample_test]'s web client message io file set creation task end
09:45:29.365 [main] INFO  k.p.s.c.buildsystem.ProjectBuilder - mainproject[sample_test]'s web client sample source files copy task start
09:45:29.460 [main] INFO  k.p.s.c.buildsystem.ProjectBuilder - mainproject[sample_test]'s web client sample source files copy task end
09:45:29.460 [main] INFO  k.p.s.c.buildsystem.ProjectBuilder - main project[sample_test]'s web client build system files creation task end
09:45:29.460 [main] INFO  k.p.s.c.buildsystem.ProjectBuilder - main project[sample_test]'s web root sample files creation task start
09:45:29.460 [main] INFO  k.p.s.c.buildsystem.ProjectBuilder - main project[sample_test]'s web root sample files copy task start
09:45:29.485 [main] INFO  k.p.s.c.buildsystem.ProjectBuilder - main project[sample_test]'s web root sample files copy task end
09:45:29.485 [main] INFO  k.p.s.c.buildsystem.ProjectBuilder - main project[sample_test]'s web root sample files creation task end
09:45:29.485 [main] INFO  k.p.s.c.buildsystem.ProjectBuilder - main project[sample_test]'s file creation task end
09:45:29.485 [main] INFO  k.p.s.c.b.BuildSystemSupporter - new main project creation task end
]]></system-out>
  <system-err><![CDATA[]]></system-err>
</testsuite>
