<?xml version="1.0" encoding="UTF-8" ?>
<testsuite errors="0" failures="0" hostname="madang02-pc" name="kr.pe.codda.common.asyn.ToLetterTest" skipped="0" tests="2" time="0.215" timestamp="2018-05-07T06:01:52">
  <properties>
[...]
</properties>
  <testcase classname="kr.pe.codda.common.asyn.ToLetterTest" name="testConstructor_theParameterToSCIsNull" time="0.001" />
  <testcase classname="kr.pe.codda.common.asyn.ToLetterTest" name="testConstructor_theParameterMessageIDIsNull" time="0.01" />
  <system-out><![CDATA[INFO  2018-05-07 15:01:52.265 [main] the parameter messageID is null (ToLetterTest.java:59)
]]></system-out>
  <system-err><![CDATA[]]></system-err>
</testsuite>
