<?xml version="1.0" encoding="UTF-8" ?>
<testsuite errors="0" failures="0" hostname="madang02-pc" name="kr.pe.codda.common.buildsystem.BuildSystemPathSupporterTest" skipped="0" tests="33" time="0.358" timestamp="2018-05-06T01:09:50">
  <properties>
[...]
</properties>
  <testcase classname="kr.pe.codda.common.buildsystem.BuildSystemPathSupporterTest" name="testGetSessionKeyRSAKeypairPathString" time="0.005" />
  <testcase classname="kr.pe.codda.common.buildsystem.BuildSystemPathSupporterTest" name="testGetSessionKeyRSAPublickeyFilePathString" time="0.0" />
  <testcase classname="kr.pe.codda.common.buildsystem.BuildSystemPathSupporterTest" name="testGetMessageInfoFilePathStringFromRootResources" time="0.001" />
  <testcase classname="kr.pe.codda.common.buildsystem.BuildSystemPathSupporterTest" name="testGetClientBuildBasePathString" time="0.001" />
  <testcase classname="kr.pe.codda.common.buildsystem.BuildSystemPathSupporterTest" name="testGetServerAPPINFPathString" time="0.001" />
  <testcase classname="kr.pe.codda.common.buildsystem.BuildSystemPathSupporterTest" name="testGetRootLogPathString" time="0.001" />
  <testcase classname="kr.pe.codda.common.buildsystem.BuildSystemPathSupporterTest" name="testGetProjectMessageInfoFilePathString" time="0.032" />
  <testcase classname="kr.pe.codda.common.buildsystem.BuildSystemPathSupporterTest" name="testGetProjectConfigDirectoryPathString" time="0.0" />
  <testcase classname="kr.pe.codda.common.buildsystem.BuildSystemPathSupporterTest" name="testGetServerIOSourcePath" time="0.001" />
  <testcase classname="kr.pe.codda.common.buildsystem.BuildSystemPathSupporterTest" name="testGetProjectLogbackConfigFilePathString" time="0.0" />
  <testcase classname="kr.pe.codda.common.buildsystem.BuildSystemPathSupporterTest" name="testGetWebClientBuildConfigFilePathString" time="0.003" />
  <testcase classname="kr.pe.codda.common.buildsystem.BuildSystemPathSupporterTest" name="testGetServerBuildPathString" time="0.001" />
  <testcase classname="kr.pe.codda.common.buildsystem.BuildSystemPathSupporterTest" name="testGetServerAntBuildXMLFilePathString" time="0.0" />
  <testcase classname="kr.pe.codda.common.buildsystem.BuildSystemPathSupporterTest" name="testGetWebClientAntPropertiesFilePath" time="0.001" />
  <testcase classname="kr.pe.codda.common.buildsystem.BuildSystemPathSupporterTest" name="testGetWebRootBasePathString" time="0.001" />
  <testcase classname="kr.pe.codda.common.buildsystem.BuildSystemPathSupporterTest" name="testGetAppClientIOSourcePath" time="0.003" />
  <testcase classname="kr.pe.codda.common.buildsystem.BuildSystemPathSupporterTest" name="testGetWebUploadPathString" time="0.001" />
  <testcase classname="kr.pe.codda.common.buildsystem.BuildSystemPathSupporterTest" name="testGetRootResourcesPathString" time="0.001" />
  <testcase classname="kr.pe.codda.common.buildsystem.BuildSystemPathSupporterTest" name="testGetWebClinetIOSourcePath" time="0.001" />
  <testcase classname="kr.pe.codda.common.buildsystem.BuildSystemPathSupporterTest" name="testGetWebTempPathString" time="0.001" />
  <testcase classname="kr.pe.codda.common.buildsystem.BuildSystemPathSupporterTest" name="testGetProjectDBCPConfigFilePathString" time="0.001" />
  <testcase classname="kr.pe.codda.common.buildsystem.BuildSystemPathSupporterTest" name="testGetProjectMessageInfoDirectoryPathString" time="0.0" />
  <testcase classname="kr.pe.codda.common.buildsystem.BuildSystemPathSupporterTest" name="testGetProjectResourcesDirectoryPathString" time="0.001" />
  <testcase classname="kr.pe.codda.common.buildsystem.BuildSystemPathSupporterTest" name="testGetProjectConfigFilePathString" time="0.001" />
  <testcase classname="kr.pe.codda.common.buildsystem.BuildSystemPathSupporterTest" name="testGetAppClientBuildPathString" time="0.001" />
  <testcase classname="kr.pe.codda.common.buildsystem.BuildSystemPathSupporterTest" name="testGetMessageInfoDirectoryPathStringFromSinnoriResources" time="0.001" />
  <testcase classname="kr.pe.codda.common.buildsystem.BuildSystemPathSupporterTest" name="testGetProjectPathString" time="0.001" />
  <testcase classname="kr.pe.codda.common.buildsystem.BuildSystemPathSupporterTest" name="testGetAppClientBuildConfigFilePathString" time="0.001" />
  <testcase classname="kr.pe.codda.common.buildsystem.BuildSystemPathSupporterTest" name="testGetRootTempPathString" time="0.001" />
  <testcase classname="kr.pe.codda.common.buildsystem.BuildSystemPathSupporterTest" name="testGetWebClientBuildPathString" time="0.001" />
  <testcase classname="kr.pe.codda.common.buildsystem.BuildSystemPathSupporterTest" name="testGetServerAPPINFClassPathString" time="0.001" />
  <testcase classname="kr.pe.codda.common.buildsystem.BuildSystemPathSupporterTest" name="testGetSessionKeyRSAPrivatekeyFilePathString" time="0.001" />
  <testcase classname="kr.pe.codda.common.buildsystem.BuildSystemPathSupporterTest" name="testGetProjectBasePathString" time="0.001" />
  <system-out><![CDATA[INFO  2018-05-06 10:09:50.652 [main] expectedValue=D:\gitmadang\codda\project\sample_base\resources\rsa_keypair (BuildSystemPathSupporterTest.java:312)
INFO  2018-05-06 10:09:50.664 [main] expectedValue=D:\gitmadang\codda\resources\message_info\SelfExnRes.xml (BuildSystemPathSupporterTest.java:105)
INFO  2018-05-06 10:09:50.668 [main] expectedValue=D:\gitmadang\codda\project\sample_base\client_build (BuildSystemPathSupporterTest.java:515)
INFO  2018-05-06 10:09:50.673 [main] expectedValue=D:\gitmadang\codda\project\sample_base\server_build\APP-INF (BuildSystemPathSupporterTest.java:428)
INFO  2018-05-06 10:09:50.677 [main] expectedValue=D:\gitmadang\codda\log (BuildSystemPathSupporterTest.java:51)
INFO  2018-05-06 10:09:50.681 [main] expectedValue=D:\gitmadang\codda\project\sample_base\resources\message_info\Echo.xml (BuildSystemPathSupporterTest.java:290)
INFO  2018-05-06 10:09:50.717 [main] expectedValue=D:\gitmadang\codda\project\sample_base\config (BuildSystemPathSupporterTest.java:161)
INFO  2018-05-06 10:09:50.721 [main] expectedValue=D:\gitmadang\codda\project\sample_base\server_build\src\main\java\kr\pe\codda\impl\message (BuildSystemPathSupporterTest.java:490)
INFO  2018-05-06 10:09:50.722 [main] returnedValue=D:\gitmadang\codda\project\sample_base\server_build\src\main\java\kr\pe\codda\impl\message (BuildSystemPathSupporterTest.java:500)
INFO  2018-05-06 10:09:50.726 [main] expectedValue=D:\gitmadang\codda\project\sample_base\resources\logback.xml (BuildSystemPathSupporterTest.java:222)
INFO  2018-05-06 10:09:50.730 [main] expectedValue=D:\gitmadang\codda\project\sample_base\client_build\web_build\build.xml (BuildSystemPathSupporterTest.java:625)
INFO  2018-05-06 10:09:50.736 [main] expectedValue=D:\gitmadang\codda\project\sample_base\server_build (BuildSystemPathSupporterTest.java:379)
INFO  2018-05-06 10:09:50.741 [main] expectedValue=D:\gitmadang\codda\project\sample_base\server_build\build.xml (BuildSystemPathSupporterTest.java:406)
INFO  2018-05-06 10:09:50.745 [main] expectedValue=D:\gitmadang\codda\project\sample_base\client_build\web_build\webAnt.properties (BuildSystemPathSupporterTest.java:649)
INFO  2018-05-06 10:09:50.749 [main] expectedValue=D:\gitmadang\codda\project\sample_base\web_app_base (BuildSystemPathSupporterTest.java:693)
INFO  2018-05-06 10:09:50.756 [main] expectedValue=D:\gitmadang\codda\project\sample_base\client_build\app_build\src\main\java\kr\pe\codda\impl\message (BuildSystemPathSupporterTest.java:583)
INFO  2018-05-06 10:09:50.764 [main] expectedValue=D:\gitmadang\codda\project\sample_base\web_app_base\upload (BuildSystemPathSupporterTest.java:713)
INFO  2018-05-06 10:09:50.771 [main] expectedValue=D:\gitmadang\codda\resources (BuildSystemPathSupporterTest.java:69)
INFO  2018-05-06 10:09:50.778 [main] expectedValue=D:\gitmadang\codda\project\sample_base\client_build\web_build\src\main\java\kr\pe\codda\impl\message (BuildSystemPathSupporterTest.java:673)
INFO  2018-05-06 10:09:50.782 [main] expectedValue=D:\gitmadang\codda\project\sample_base\web_app_base\temp (BuildSystemPathSupporterTest.java:733)
INFO  2018-05-06 10:09:50.787 [main] expectedValue=D:\gitmadang\codda\project\sample_base\resources\dbcp\dbcp.sample_base_db.properties (BuildSystemPathSupporterTest.java:246)
INFO  2018-05-06 10:09:50.791 [main] expectedValue=D:\gitmadang\codda\project\sample_base\resources\message_info (BuildSystemPathSupporterTest.java:267)
INFO  2018-05-06 10:09:50.794 [main] expectedValue=D:\gitmadang\codda\project\sample_base\resources (BuildSystemPathSupporterTest.java:201)
INFO  2018-05-06 10:09:50.798 [main] expectedValue=D:\gitmadang\codda\project\sample_base\config\codda.properties (BuildSystemPathSupporterTest.java:181)
INFO  2018-05-06 10:09:50.804 [main] expectedValue=D:\gitmadang\codda\project\sample_base\client_build\app_build (BuildSystemPathSupporterTest.java:540)
INFO  2018-05-06 10:09:50.809 [main] expectedValue=D:\gitmadang\codda\resources\message_info (BuildSystemPathSupporterTest.java:86)
INFO  2018-05-06 10:09:50.812 [main] expectedValue=D:\gitmadang\codda\project\sample_base (BuildSystemPathSupporterTest.java:141)
INFO  2018-05-06 10:09:50.816 [main] expectedValue=D:\gitmadang\codda\project\sample_base\client_build\app_build\build.xml (BuildSystemPathSupporterTest.java:565)
INFO  2018-05-06 10:09:50.820 [main] expectedValue=D:\gitmadang\codda\temp (BuildSystemPathSupporterTest.java:33)
INFO  2018-05-06 10:09:50.824 [main] expectedValue=D:\gitmadang\codda\project\sample_base\client_build\web_build (BuildSystemPathSupporterTest.java:601)
INFO  2018-05-06 10:09:50.828 [main] expectedValue=D:\gitmadang\codda\project\sample_base\server_build\APP-INF\classes (BuildSystemPathSupporterTest.java:450)
INFO  2018-05-06 10:09:50.833 [main] expectedValue=D:\gitmadang\codda\project\sample_base\resources\rsa_keypair\codda.privatekey (BuildSystemPathSupporterTest.java:357)
INFO  2018-05-06 10:09:50.837 [main] expectedValue=D:\gitmadang\codda\project (BuildSystemPathSupporterTest.java:122)
]]></system-out>
  <system-err><![CDATA[]]></system-err>
</testsuite>
