<?xml version="1.0" encoding="UTF-8" ?>
<testsuite errors="0" failures="2" hostname="madang02-pc" name="kr.pe.codda.server.ServerObjectCacheManagerTest" skipped="0" tests="2" time="0.193" timestamp="2018-05-06T01:14:56">
  <properties>
[...]
</properties>
  <testcase classname="kr.pe.codda.server.ServerObjectCacheManagerTest" name="testServerObjectCacheManager" time="0.005">
    <failure message="Not yet implemented" type="junit.framework.AssertionFailedError">junit.framework.AssertionFailedError: Not yet implemented
	at kr.pe.codda.server.ServerObjectCacheManagerTest.testServerObjectCacheManager(ServerObjectCacheManagerTest.java:22)
</failure>
  </testcase>
  <testcase classname="kr.pe.codda.server.ServerObjectCacheManagerTest" name="testGetServerTask" time="0.0">
    <failure message="Not yet implemented" type="junit.framework.AssertionFailedError">junit.framework.AssertionFailedError: Not yet implemented
	at kr.pe.codda.server.ServerObjectCacheManagerTest.testGetServerTask(ServerObjectCacheManagerTest.java:27)
</failure>
  </testcase>
  <system-out><![CDATA[]]></system-out>
  <system-err><![CDATA[SLF4J: Class path contains multiple SLF4J bindings.
SLF4J: Found binding in [jar:file:/D:/gitmadang/codda/core/server/lib/main/ex/logback-classic-1.2.3.jar!/org/slf4j/impl/StaticLoggerBinder.class]
SLF4J: Found binding in [jar:file:/D:/gitmadang/codda/core/logger/lib/ex/logback-classic-1.2.3.jar!/org/slf4j/impl/StaticLoggerBinder.class]
SLF4J: See http://www.slf4j.org/codes.html#multiple_bindings for an explanation.
SLF4J: Actual binding is of type [ch.qos.logback.classic.util.ContextSelectorStaticBinder]
]]></system-err>
</testsuite>
